#-----------------------------------------------------------
# Vivado v2018.3 (64-bit)
# SW Build 2405991 on Thu Dec  6 23:38:27 MST 2018
# IP Build 2404404 on Fri Dec  7 01:43:56 MST 2018
# Start of session at: Thu Feb 28 16:39:55 2019
# Process ID: 8304
# Current directory: C:/Users/alois/OneDrive/Documents/Perso/M2_SE/VHDL/SPi_Slave
# Command line: vivado.exe -gui_launcher_event rodinguilauncherevent388 C:\Users\alois\OneDrive\Documents\Perso\M2_SE\VHDL\SPi_Slave\SPI_Slave.xpr
# Log file: C:/Users/alois/OneDrive/Documents/Perso/M2_SE/VHDL/SPi_Slave/vivado.log
# Journal file: C:/Users/alois/OneDrive/Documents/Perso/M2_SE/VHDL/SPi_Slave\vivado.jou
#-----------------------------------------------------------
start_gui
open_project C:/Users/alois/OneDrive/Documents/Perso/M2_SE/VHDL/SPi_Slave/SPI_Slave.xpr
INFO: [Project 1-313] Project file moved from 'C:/Users/alois/OneDrive/Documents/Perso/M2_SE/VHDL/SPI/SPi_Slave' since last save.
Scanning sources...
Finished scanning sources
INFO: [filemgmt 56-1] IP Repository Path: Directory not found as 'C:/Users/alois/OneDrive/Documents/Perso/M2_SE/IP_REPO'; using path 'C:/Users/alois/OneDrive/Documents/Perso/M2_SE/VHDL/IP_REPO' instead.
INFO: [IP_Flow 19-234] Refreshing IP repositories
INFO: [IP_Flow 19-1700] Loaded user IP repository 'c:/Users/alois/OneDrive/Documents/Perso/M2_SE/VHDL/SPi_Slave/SPI_Slave.srcs'.
INFO: [IP_Flow 19-1700] Loaded user IP repository 'c:/Users/alois/OneDrive/Documents/Perso/M2_SE/VHDL/IP_REPO'.
INFO: [IP_Flow 19-2313] Loaded Vivado IP repository 'C:/Xilinx/Vivado/2018.3/data/ip'.
open_project: Time (s): cpu = 00:00:18 ; elapsed = 00:00:10 . Memory (MB): peak = 796.430 ; gain = 164.277
update_compile_order -fileset sources_1
ipx::open_ipxact_file C:/Users/alois/OneDrive/Documents/Perso/M2_SE/VHDL/SPi_Slave/SPI_Slave.srcs/component.xml
WARNING: [IP_Flow 19-5226] Project source file 'c:/Users/alois/OneDrive/Documents/Perso/M2_SE/VHDL/SPi_Slave/SPI_Slave.srcs/component.xml' ignored by IP packager.
WARNING: [IP_Flow 19-3898] File Group 'xilinx_anylanguagesynthesis (Synthesis)': File 'c:Users/alois/OneDrive/Documents/Perso/M2_SE/VHDL/SPI/SPi_Slave/SPI_Slave.srcs/sources_1/new/SPI_Slave.vhd' is not found in the project sources. It will be removed from the packaged IP when the sources are merged. If still required, please add this file to the project and re-package.
WARNING: [IP_Flow 19-4308] Project file 'c:/Users/alois/OneDrive/Documents/Perso/M2_SE/VHDL/SPi_Slave/SPI_Slave.srcs/sources_1/new/SPI_Slave.vhd' is not found in the component files. It will be added automatically when merging sources and repackaging. Please remove the file from the source project if this is not desired.
WARNING: [IP_Flow 19-3898] File Group 'xilinx_anylanguagebehavioralsimulation (Simulation)': File 'c:Users/alois/OneDrive/Documents/Perso/M2_SE/VHDL/SPI/SPi_Slave/SPI_Slave.srcs/sources_1/new/SPI_Slave.vhd' is not found in the project sources. It will be removed from the packaged IP when the sources are merged. If still required, please add this file to the project and re-package.
WARNING: [IP_Flow 19-4308] Project file 'c:/Users/alois/OneDrive/Documents/Perso/M2_SE/VHDL/SPi_Slave/SPI_Slave.srcs/sources_1/new/SPI_Slave.vhd' is not found in the component files. It will be added automatically when merging sources and repackaging. Please remove the file from the source project if this is not desired.
WARNING: [IP_Flow 19-3898] File Group 'xilinx_testbench (Test Bench)': File 'c:Users/alois/OneDrive/Documents/Perso/M2_SE/VHDL/SPI/SPi_Slave/SPI_Slave.srcs/sim_1/new/SPI_Slave_tb.vhd' is not found in the project sources. It will be removed from the packaged IP when the sources are merged. If still required, please add this file to the project and re-package.
WARNING: [IP_Flow 19-4308] Project file 'c:/Users/alois/OneDrive/Documents/Perso/M2_SE/VHDL/SPi_Slave/SPI_Slave.srcs/sim_1/new/SPI_Slave_tb.vhd' is not found in the component files. It will be added automatically when merging sources and repackaging. Please remove the file from the source project if this is not desired.
set_property core_revision 11 [ipx::current_core]
ipx::create_xgui_files [ipx::current_core]
ipx::update_checksums [ipx::current_core]
ipx::save_core [ipx::current_core]
update_ip_catalog -rebuild -repo_path c:/Users/alois/OneDrive/Documents/Perso/M2_SE/VHDL/SPi_Slave/SPI_Slave.srcs
INFO: [IP_Flow 19-725] Reloaded user IP repository 'c:/Users/alois/OneDrive/Documents/Perso/M2_SE/VHDL/SPi_Slave/SPI_Slave.srcs'
set_property core_revision 12 [ipx::current_core]
ipx::create_xgui_files [ipx::current_core]
ipx::update_checksums [ipx::current_core]
ipx::save_core [ipx::current_core]
update_ip_catalog -rebuild -repo_path c:/Users/alois/OneDrive/Documents/Perso/M2_SE/VHDL/SPi_Slave/SPI_Slave.srcs
INFO: [IP_Flow 19-725] Reloaded user IP repository 'c:/Users/alois/OneDrive/Documents/Perso/M2_SE/VHDL/SPi_Slave/SPI_Slave.srcs'
set_property  ip_repo_paths  c:/Users/alois/OneDrive/Documents/Perso/M2_SE/VHDL/IP_REPO [current_project]
update_ip_catalog
INFO: [IP_Flow 19-234] Refreshing IP repositories
INFO: [IP_Flow 19-1700] Loaded user IP repository 'c:/Users/alois/OneDrive/Documents/Perso/M2_SE/VHDL/IP_REPO'.
set_property core_revision 13 [ipx::current_core]
ipx::create_xgui_files [ipx::current_core]
ipx::update_checksums [ipx::current_core]
ipx::save_core [ipx::current_core]
set_property  ip_repo_paths  {c:/Users/alois/OneDrive/Documents/Perso/M2_SE/VHDL/SPi_Slave/SPI_Slave.srcs c:/Users/alois/OneDrive/Documents/Perso/M2_SE/VHDL/IP_REPO} [current_project]
update_ip_catalog
INFO: [IP_Flow 19-234] Refreshing IP repositories
INFO: [IP_Flow 19-1700] Loaded user IP repository 'c:/Users/alois/OneDrive/Documents/Perso/M2_SE/VHDL/SPi_Slave/SPI_Slave.srcs'.
INFO: [IP_Flow 19-1700] Loaded user IP repository 'c:/Users/alois/OneDrive/Documents/Perso/M2_SE/VHDL/IP_REPO'.
ipx::merge_project_changes hdl_parameters [ipx::current_core]
WARNING: [IP_Flow 19-5226] Project source file 'c:/Users/alois/OneDrive/Documents/Perso/M2_SE/VHDL/SPi_Slave/SPI_Slave.srcs/component.xml' ignored by IP packager.
WARNING: [IP_Flow 19-5109] File Group 'xilinx_anylanguagesynthesis (Synthesis)': File 'c:Users/alois/OneDrive/Documents/Perso/M2_SE/VHDL/SPI/SPi_Slave/SPI_Slave.srcs/sources_1/new/SPI_Slave.vhd' does not exist in the project sources. It has been removed from the packaged IP. If still required, please add this file to the project, merge sources and re-package.
WARNING: [IP_Flow 19-5109] File Group 'xilinx_anylanguagebehavioralsimulation (Simulation)': File 'c:Users/alois/OneDrive/Documents/Perso/M2_SE/VHDL/SPI/SPi_Slave/SPI_Slave.srcs/sources_1/new/SPI_Slave.vhd' does not exist in the project sources. It has been removed from the packaged IP. If still required, please add this file to the project, merge sources and re-package.
WARNING: [IP_Flow 19-5109] File Group 'xilinx_testbench (Test Bench)': File 'c:Users/alois/OneDrive/Documents/Perso/M2_SE/VHDL/SPI/SPi_Slave/SPI_Slave.srcs/sim_1/new/SPI_Slave_tb.vhd' does not exist in the project sources. It has been removed from the packaged IP. If still required, please add this file to the project, merge sources and re-package.
set_property core_revision 14 [ipx::current_core]
ipx::create_xgui_files [ipx::current_core]
ipx::update_checksums [ipx::current_core]
ipx::save_core [ipx::current_core]
update_ip_catalog -rebuild -repo_path c:/Users/alois/OneDrive/Documents/Perso/M2_SE/VHDL/SPi_Slave/SPI_Slave.srcs
INFO: [IP_Flow 19-725] Reloaded user IP repository 'c:/Users/alois/OneDrive/Documents/Perso/M2_SE/VHDL/SPi_Slave/SPI_Slave.srcs'
set_property core_revision 15 [ipx::current_core]
ipx::create_xgui_files [ipx::current_core]
ipx::update_checksums [ipx::current_core]
ipx::save_core [ipx::current_core]
update_ip_catalog -rebuild -repo_path c:/Users/alois/OneDrive/Documents/Perso/M2_SE/VHDL/SPi_Slave/SPI_Slave.srcs
INFO: [IP_Flow 19-725] Reloaded user IP repository 'c:/Users/alois/OneDrive/Documents/Perso/M2_SE/VHDL/SPi_Slave/SPI_Slave.srcs'
update_ip_catalog -rebuild
INFO: [IP_Flow 19-234] Refreshing IP repositories
INFO: [IP_Flow 19-1700] Loaded user IP repository 'c:/Users/alois/OneDrive/Documents/Perso/M2_SE/VHDL/SPi_Slave/SPI_Slave.srcs'.
INFO: [IP_Flow 19-1700] Loaded user IP repository 'c:/Users/alois/OneDrive/Documents/Perso/M2_SE/VHDL/IP_REPO'.
CRITICAL WARNING: [IP_Flow 19-1663] Duplicate IP found for 'xilinx.com:user:SPI_Slave:1.0'. The one found in IP location 'c:/Users/alois/OneDrive/Documents/Perso/M2_SE/VHDL/SPi_Slave/SPI_Slave.srcs' will take precedence over the same IP in location c:/Users/alois/OneDrive/Documents/Perso/M2_SE/VHDL/IP_REPO/SPI_Slave
update_ip_catalog -rebuild
INFO: [IP_Flow 19-234] Refreshing IP repositories
INFO: [IP_Flow 19-1700] Loaded user IP repository 'c:/Users/alois/OneDrive/Documents/Perso/M2_SE/VHDL/SPi_Slave/SPI_Slave.srcs'.
INFO: [IP_Flow 19-1700] Loaded user IP repository 'c:/Users/alois/OneDrive/Documents/Perso/M2_SE/VHDL/IP_REPO'.
set_property core_revision 16 [ipx::current_core]
ipx::create_xgui_files [ipx::current_core]
ipx::update_checksums [ipx::current_core]
ipx::save_core [ipx::current_core]
update_ip_catalog -rebuild -repo_path c:/Users/alois/OneDrive/Documents/Perso/M2_SE/VHDL/SPi_Slave/SPI_Slave.srcs
INFO: [IP_Flow 19-725] Reloaded user IP repository 'c:/Users/alois/OneDrive/Documents/Perso/M2_SE/VHDL/SPi_Slave/SPI_Slave.srcs'
set_property core_revision 17 [ipx::current_core]
ipx::create_xgui_files [ipx::current_core]
ipx::update_checksums [ipx::current_core]
ipx::save_core [ipx::current_core]
update_ip_catalog -rebuild -repo_path c:/Users/alois/OneDrive/Documents/Perso/M2_SE/VHDL/SPi_Slave/SPI_Slave.srcs
INFO: [IP_Flow 19-725] Reloaded user IP repository 'c:/Users/alois/OneDrive/Documents/Perso/M2_SE/VHDL/SPi_Slave/SPI_Slave.srcs'
set_property core_revision 18 [ipx::current_core]
ipx::create_xgui_files [ipx::current_core]
ipx::update_checksums [ipx::current_core]
ipx::save_core [ipx::current_core]
update_ip_catalog -rebuild -repo_path c:/Users/alois/OneDrive/Documents/Perso/M2_SE/VHDL/SPi_Slave/SPI_Slave.srcs
INFO: [IP_Flow 19-725] Reloaded user IP repository 'c:/Users/alois/OneDrive/Documents/Perso/M2_SE/VHDL/SPi_Slave/SPI_Slave.srcs'
ipx::unload_core c:/Users/alois/OneDrive/Documents/Perso/M2_SE/VHDL/SPi_Slave/SPI_Slave.srcs/component.xml
exit
INFO: [Common 17-206] Exiting Vivado at Thu Feb 28 17:07:34 2019...
