Vivado Simulator 2014.2
Copyright 1986-1999, 2001-2014 Xilinx, Inc. All Rights Reserved.
Running: C:/Xilinx/Vivado/2014.2/bin/unwrapped/win64.o/xelab.exe --debug typical --relax -L xil_defaultlib -L secureip --snapshot test_Bascule_behav --prj C:/Users/alois/Vivado_Project/Compteur_Bascule/Compteur_Bascule.sim/sim_1/behav/test_Bascule.prj xil_defaultlib.test_Bascule 
Multi-threading is on. Using 2 slave threads.
Determining compilation order of HDL files.
INFO: [VRFC 10-165] Analyzing Verilog file "C:/Xilinx/Vivado/2014.2/data/verilog/src/glbl.v" into library xil_defaultlib
INFO: [VRFC 10-311] analyzing module glbl
INFO: [VRFC 10-163] Analyzing VHDL file "C:/Users/alois/Vivado_Project/Compteur_Bascule/Compteur_Bascule.srcs/sources_1/new/Bascule.vhd" into library xil_defaultlib
INFO: [VRFC 10-163] Analyzing VHDL file "C:/Users/alois/Vivado_Project/Compteur_Bascule/Compteur_Bascule.srcs/sim_1/new/test_Bascule.vhd" into library xil_defaultlib
Starting static elaboration
Completed static elaboration
Starting simulation data flow analysis
Completed simulation data flow analysis
Time Resolution for simulation is 1ps
Compiling package std.standard
Compiling package ieee.std_logic_1164
Compiling package ieee.std_logic_arith
Compiling package ieee.std_logic_signed
Compiling package ieee.numeric_std
Compiling architecture behavioral of entity xil_defaultlib.Bascule [bascule_default]
Compiling architecture behavioral of entity xil_defaultlib.test_bascule
Waiting for 2 sub-compilation(s) to finish...
Built simulation snapshot test_Bascule_behav
