
*** Running vivado
    with args -log design_1_Bascule_0_0.vds -m64 -product Vivado -mode batch -messageDb vivado.pb -notrace -source design_1_Bascule_0_0.tcl


****** Vivado v2018.2 (64-bit)
  **** SW Build 2258646 on Thu Jun 14 20:03:12 MDT 2018
  **** IP Build 2256618 on Thu Jun 14 22:10:49 MDT 2018
    ** Copyright 1986-2018 Xilinx, Inc. All Rights Reserved.

source design_1_Bascule_0_0.tcl -notrace
Command: synth_design -top design_1_Bascule_0_0 -part xc7z020clg484-1 -mode out_of_context
Starting synth_design
Attempting to get a license for feature 'Synthesis' and/or device 'xc7z020'
INFO: [Common 17-349] Got license for feature 'Synthesis' and/or device 'xc7z020'
INFO: Launching helper process for spawning children vivado processes
INFO: Helper process launched with PID 10504 
---------------------------------------------------------------------------------
Starting RTL Elaboration : Time (s): cpu = 00:00:03 ; elapsed = 00:00:03 . Memory (MB): peak = 449.711 ; gain = 91.086
---------------------------------------------------------------------------------
INFO: [Synth 8-638] synthesizing module 'design_1_Bascule_0_0' [c:/Users/alois/Documents/Perso/M2_SE/VHDL/TP_05/TP_05.srcs/sources_1/bd/design_1/ip/design_1_Bascule_0_0/synth/design_1_Bascule_0_0.vhd:67]
INFO: [Synth 8-3491] module 'Bascule' declared at 'c:/Users/alois/Documents/Perso/M2_SE/VHDL/TP_05/TP_05.srcs/sources_1/bd/design_1/ipshared/dafe/src/Bascule.vhd:37' bound to instance 'U0' of component 'Bascule' [c:/Users/alois/Documents/Perso/M2_SE/VHDL/TP_05/TP_05.srcs/sources_1/bd/design_1/ip/design_1_Bascule_0_0/synth/design_1_Bascule_0_0.vhd:93]
INFO: [Synth 8-638] synthesizing module 'Bascule' [c:/Users/alois/Documents/Perso/M2_SE/VHDL/TP_05/TP_05.srcs/sources_1/bd/design_1/ipshared/dafe/src/Bascule.vhd:46]
INFO: [Synth 8-256] done synthesizing module 'Bascule' (1#1) [c:/Users/alois/Documents/Perso/M2_SE/VHDL/TP_05/TP_05.srcs/sources_1/bd/design_1/ipshared/dafe/src/Bascule.vhd:46]
INFO: [Synth 8-256] done synthesizing module 'design_1_Bascule_0_0' (2#1) [c:/Users/alois/Documents/Perso/M2_SE/VHDL/TP_05/TP_05.srcs/sources_1/bd/design_1/ip/design_1_Bascule_0_0/synth/design_1_Bascule_0_0.vhd:67]
---------------------------------------------------------------------------------
Finished RTL Elaboration : Time (s): cpu = 00:00:04 ; elapsed = 00:00:04 . Memory (MB): peak = 504.160 ; gain = 145.535
---------------------------------------------------------------------------------

Report Check Netlist: 
+------+------------------+-------+---------+-------+------------------+
|      |Item              |Errors |Warnings |Status |Description       |
+------+------------------+-------+---------+-------+------------------+
|1     |multi_driven_nets |      0|        0|Passed |Multi driven nets |
+------+------------------+-------+---------+-------+------------------+
---------------------------------------------------------------------------------
Start Handling Custom Attributes
---------------------------------------------------------------------------------
---------------------------------------------------------------------------------
Finished Handling Custom Attributes : Time (s): cpu = 00:00:04 ; elapsed = 00:00:04 . Memory (MB): peak = 504.160 ; gain = 145.535
---------------------------------------------------------------------------------
---------------------------------------------------------------------------------
Finished RTL Optimization Phase 1 : Time (s): cpu = 00:00:04 ; elapsed = 00:00:04 . Memory (MB): peak = 504.160 ; gain = 145.535
---------------------------------------------------------------------------------
INFO: [Device 21-403] Loading part xc7z020clg484-1
INFO: [Project 1-570] Preparing netlist for logic optimization

Processing XDC Constraints
Initializing timing engine
Parsing XDC File [c:/Users/alois/Documents/Perso/M2_SE/VHDL/TP_05/TP_05.srcs/sources_1/bd/design_1/ip/design_1_Bascule_0_0/src/PinOut.xdc] for cell 'U0'
WARNING: [Vivado 12-584] No ports matched 'CLK'. [c:/Users/alois/Documents/Perso/M2_SE/VHDL/TP_05/TP_05.srcs/sources_1/bd/design_1/ip/design_1_Bascule_0_0/src/PinOut.xdc:4]
CRITICAL WARNING: [Common 17-55] 'set_property' expects at least one object. [c:/Users/alois/Documents/Perso/M2_SE/VHDL/TP_05/TP_05.srcs/sources_1/bd/design_1/ip/design_1_Bascule_0_0/src/PinOut.xdc:4]
Resolution: If [get_<value>] was used to populate the object, check to make sure this command returns at least one valid object.
WARNING: [Vivado 12-584] No ports matched '[get_ports -of_objects [get_iobanks 33]]'. [c:/Users/alois/Documents/Perso/M2_SE/VHDL/TP_05/TP_05.srcs/sources_1/bd/design_1/ip/design_1_Bascule_0_0/src/PinOut.xdc:52]
WARNING: [Vivado 12-584] No ports matched '[get_ports -of_objects [get_iobanks 34]]'. [c:/Users/alois/Documents/Perso/M2_SE/VHDL/TP_05/TP_05.srcs/sources_1/bd/design_1/ip/design_1_Bascule_0_0/src/PinOut.xdc:57]
WARNING: [Vivado 12-584] No ports matched '[get_ports -of_objects [get_iobanks 35]]'. [c:/Users/alois/Documents/Perso/M2_SE/VHDL/TP_05/TP_05.srcs/sources_1/bd/design_1/ip/design_1_Bascule_0_0/src/PinOut.xdc:62]
WARNING: [Vivado 12-584] No ports matched '[get_ports -of_objects [get_iobanks 13]]'. [c:/Users/alois/Documents/Perso/M2_SE/VHDL/TP_05/TP_05.srcs/sources_1/bd/design_1/ip/design_1_Bascule_0_0/src/PinOut.xdc:65]
Finished Parsing XDC File [c:/Users/alois/Documents/Perso/M2_SE/VHDL/TP_05/TP_05.srcs/sources_1/bd/design_1/ip/design_1_Bascule_0_0/src/PinOut.xdc] for cell 'U0'
INFO: [Project 1-236] Implementation specific constraints were found while reading constraint file [c:/Users/alois/Documents/Perso/M2_SE/VHDL/TP_05/TP_05.srcs/sources_1/bd/design_1/ip/design_1_Bascule_0_0/src/PinOut.xdc]. These constraints will be ignored for synthesis but will be used in implementation. Impacted constraints are listed in the file [.Xil/design_1_Bascule_0_0_propImpl.xdc].
Resolution: To avoid this warning, move constraints listed in [.Xil/design_1_Bascule_0_0_propImpl.xdc] to another XDC file and exclude this new file from synthesis with the used_in_synthesis property (File Properties dialog in GUI) and re-run elaboration/synthesis.
Parsing XDC File [c:/Users/alois/Documents/Perso/M2_SE/VHDL/TP_05/TP_05.srcs/sources_1/bd/design_1/ip/design_1_Bascule_0_0/src/zedboard_master_XDC_RevC_D_v3.xdc] for cell 'U0'
WARNING: [Vivado 12-584] No ports matched 'AC_ADR0'. [c:/Users/alois/Documents/Perso/M2_SE/VHDL/TP_05/TP_05.srcs/sources_1/bd/design_1/ip/design_1_Bascule_0_0/src/zedboard_master_XDC_RevC_D_v3.xdc:69]
CRITICAL WARNING: [Common 17-55] 'set_property' expects at least one object. [c:/Users/alois/Documents/Perso/M2_SE/VHDL/TP_05/TP_05.srcs/sources_1/bd/design_1/ip/design_1_Bascule_0_0/src/zedboard_master_XDC_RevC_D_v3.xdc:69]
Resolution: If [get_<value>] was used to populate the object, check to make sure this command returns at least one valid object.
WARNING: [Vivado 12-584] No ports matched 'AC_ADR1'. [c:/Users/alois/Documents/Perso/M2_SE/VHDL/TP_05/TP_05.srcs/sources_1/bd/design_1/ip/design_1_Bascule_0_0/src/zedboard_master_XDC_RevC_D_v3.xdc:70]
CRITICAL WARNING: [Common 17-55] 'set_property' expects at least one object. [c:/Users/alois/Documents/Perso/M2_SE/VHDL/TP_05/TP_05.srcs/sources_1/bd/design_1/ip/design_1_Bascule_0_0/src/zedboard_master_XDC_RevC_D_v3.xdc:70]
Resolution: If [get_<value>] was used to populate the object, check to make sure this command returns at least one valid object.
WARNING: [Vivado 12-584] No ports matched 'AC_GPIO0'. [c:/Users/alois/Documents/Perso/M2_SE/VHDL/TP_05/TP_05.srcs/sources_1/bd/design_1/ip/design_1_Bascule_0_0/src/zedboard_master_XDC_RevC_D_v3.xdc:71]
CRITICAL WARNING: [Common 17-55] 'set_property' expects at least one object. [c:/Users/alois/Documents/Perso/M2_SE/VHDL/TP_05/TP_05.srcs/sources_1/bd/design_1/ip/design_1_Bascule_0_0/src/zedboard_master_XDC_RevC_D_v3.xdc:71]
Resolution: If [get_<value>] was used to populate the object, check to make sure this command returns at least one valid object.
WARNING: [Vivado 12-584] No ports matched 'AC_GPIO1'. [c:/Users/alois/Documents/Perso/M2_SE/VHDL/TP_05/TP_05.srcs/sources_1/bd/design_1/ip/design_1_Bascule_0_0/src/zedboard_master_XDC_RevC_D_v3.xdc:72]
CRITICAL WARNING: [Common 17-55] 'set_property' expects at least one object. [c:/Users/alois/Documents/Perso/M2_SE/VHDL/TP_05/TP_05.srcs/sources_1/bd/design_1/ip/design_1_Bascule_0_0/src/zedboard_master_XDC_RevC_D_v3.xdc:72]
Resolution: If [get_<value>] was used to populate the object, check to make sure this command returns at least one valid object.
WARNING: [Vivado 12-584] No ports matched 'AC_GPIO2'. [c:/Users/alois/Documents/Perso/M2_SE/VHDL/TP_05/TP_05.srcs/sources_1/bd/design_1/ip/design_1_Bascule_0_0/src/zedboard_master_XDC_RevC_D_v3.xdc:73]
CRITICAL WARNING: [Common 17-55] 'set_property' expects at least one object. [c:/Users/alois/Documents/Perso/M2_SE/VHDL/TP_05/TP_05.srcs/sources_1/bd/design_1/ip/design_1_Bascule_0_0/src/zedboard_master_XDC_RevC_D_v3.xdc:73]
Resolution: If [get_<value>] was used to populate the object, check to make sure this command returns at least one valid object.
WARNING: [Vivado 12-584] No ports matched 'AC_GPIO3'. [c:/Users/alois/Documents/Perso/M2_SE/VHDL/TP_05/TP_05.srcs/sources_1/bd/design_1/ip/design_1_Bascule_0_0/src/zedboard_master_XDC_RevC_D_v3.xdc:74]
CRITICAL WARNING: [Common 17-55] 'set_property' expects at least one object. [c:/Users/alois/Documents/Perso/M2_SE/VHDL/TP_05/TP_05.srcs/sources_1/bd/design_1/ip/design_1_Bascule_0_0/src/zedboard_master_XDC_RevC_D_v3.xdc:74]
Resolution: If [get_<value>] was used to populate the object, check to make sure this command returns at least one valid object.
WARNING: [Vivado 12-584] No ports matched 'AC_MCLK'. [c:/Users/alois/Documents/Perso/M2_SE/VHDL/TP_05/TP_05.srcs/sources_1/bd/design_1/ip/design_1_Bascule_0_0/src/zedboard_master_XDC_RevC_D_v3.xdc:75]
CRITICAL WARNING: [Common 17-55] 'set_property' expects at least one object. [c:/Users/alois/Documents/Perso/M2_SE/VHDL/TP_05/TP_05.srcs/sources_1/bd/design_1/ip/design_1_Bascule_0_0/src/zedboard_master_XDC_RevC_D_v3.xdc:75]
Resolution: If [get_<value>] was used to populate the object, check to make sure this command returns at least one valid object.
WARNING: [Vivado 12-584] No ports matched 'AC_SCK'. [c:/Users/alois/Documents/Perso/M2_SE/VHDL/TP_05/TP_05.srcs/sources_1/bd/design_1/ip/design_1_Bascule_0_0/src/zedboard_master_XDC_RevC_D_v3.xdc:76]
CRITICAL WARNING: [Common 17-55] 'set_property' expects at least one object. [c:/Users/alois/Documents/Perso/M2_SE/VHDL/TP_05/TP_05.srcs/sources_1/bd/design_1/ip/design_1_Bascule_0_0/src/zedboard_master_XDC_RevC_D_v3.xdc:76]
Resolution: If [get_<value>] was used to populate the object, check to make sure this command returns at least one valid object.
WARNING: [Vivado 12-584] No ports matched 'AC_SDA'. [c:/Users/alois/Documents/Perso/M2_SE/VHDL/TP_05/TP_05.srcs/sources_1/bd/design_1/ip/design_1_Bascule_0_0/src/zedboard_master_XDC_RevC_D_v3.xdc:77]
CRITICAL WARNING: [Common 17-55] 'set_property' expects at least one object. [c:/Users/alois/Documents/Perso/M2_SE/VHDL/TP_05/TP_05.srcs/sources_1/bd/design_1/ip/design_1_Bascule_0_0/src/zedboard_master_XDC_RevC_D_v3.xdc:77]
Resolution: If [get_<value>] was used to populate the object, check to make sure this command returns at least one valid object.
WARNING: [Vivado 12-584] No ports matched 'GCLK'. [c:/Users/alois/Documents/Perso/M2_SE/VHDL/TP_05/TP_05.srcs/sources_1/bd/design_1/ip/design_1_Bascule_0_0/src/zedboard_master_XDC_RevC_D_v3.xdc:82]
CRITICAL WARNING: [Common 17-55] 'set_property' expects at least one object. [c:/Users/alois/Documents/Perso/M2_SE/VHDL/TP_05/TP_05.srcs/sources_1/bd/design_1/ip/design_1_Bascule_0_0/src/zedboard_master_XDC_RevC_D_v3.xdc:82]
Resolution: If [get_<value>] was used to populate the object, check to make sure this command returns at least one valid object.
WARNING: [Vivado 12-584] No ports matched 'JA1'. [c:/Users/alois/Documents/Perso/M2_SE/VHDL/TP_05/TP_05.srcs/sources_1/bd/design_1/ip/design_1_Bascule_0_0/src/zedboard_master_XDC_RevC_D_v3.xdc:87]
CRITICAL WARNING: [Common 17-55] 'set_property' expects at least one object. [c:/Users/alois/Documents/Perso/M2_SE/VHDL/TP_05/TP_05.srcs/sources_1/bd/design_1/ip/design_1_Bascule_0_0/src/zedboard_master_XDC_RevC_D_v3.xdc:87]
Resolution: If [get_<value>] was used to populate the object, check to make sure this command returns at least one valid object.
WARNING: [Vivado 12-584] No ports matched 'JA10'. [c:/Users/alois/Documents/Perso/M2_SE/VHDL/TP_05/TP_05.srcs/sources_1/bd/design_1/ip/design_1_Bascule_0_0/src/zedboard_master_XDC_RevC_D_v3.xdc:88]
CRITICAL WARNING: [Common 17-55] 'set_property' expects at least one object. [c:/Users/alois/Documents/Perso/M2_SE/VHDL/TP_05/TP_05.srcs/sources_1/bd/design_1/ip/design_1_Bascule_0_0/src/zedboard_master_XDC_RevC_D_v3.xdc:88]
Resolution: If [get_<value>] was used to populate the object, check to make sure this command returns at least one valid object.
WARNING: [Vivado 12-584] No ports matched 'JA2'. [c:/Users/alois/Documents/Perso/M2_SE/VHDL/TP_05/TP_05.srcs/sources_1/bd/design_1/ip/design_1_Bascule_0_0/src/zedboard_master_XDC_RevC_D_v3.xdc:89]
CRITICAL WARNING: [Common 17-55] 'set_property' expects at least one object. [c:/Users/alois/Documents/Perso/M2_SE/VHDL/TP_05/TP_05.srcs/sources_1/bd/design_1/ip/design_1_Bascule_0_0/src/zedboard_master_XDC_RevC_D_v3.xdc:89]
Resolution: If [get_<value>] was used to populate the object, check to make sure this command returns at least one valid object.
WARNING: [Vivado 12-584] No ports matched 'JA3'. [c:/Users/alois/Documents/Perso/M2_SE/VHDL/TP_05/TP_05.srcs/sources_1/bd/design_1/ip/design_1_Bascule_0_0/src/zedboard_master_XDC_RevC_D_v3.xdc:90]
CRITICAL WARNING: [Common 17-55] 'set_property' expects at least one object. [c:/Users/alois/Documents/Perso/M2_SE/VHDL/TP_05/TP_05.srcs/sources_1/bd/design_1/ip/design_1_Bascule_0_0/src/zedboard_master_XDC_RevC_D_v3.xdc:90]
Resolution: If [get_<value>] was used to populate the object, check to make sure this command returns at least one valid object.
WARNING: [Vivado 12-584] No ports matched 'JA4'. [c:/Users/alois/Documents/Perso/M2_SE/VHDL/TP_05/TP_05.srcs/sources_1/bd/design_1/ip/design_1_Bascule_0_0/src/zedboard_master_XDC_RevC_D_v3.xdc:91]
CRITICAL WARNING: [Common 17-55] 'set_property' expects at least one object. [c:/Users/alois/Documents/Perso/M2_SE/VHDL/TP_05/TP_05.srcs/sources_1/bd/design_1/ip/design_1_Bascule_0_0/src/zedboard_master_XDC_RevC_D_v3.xdc:91]
Resolution: If [get_<value>] was used to populate the object, check to make sure this command returns at least one valid object.
WARNING: [Vivado 12-584] No ports matched 'JA7'. [c:/Users/alois/Documents/Perso/M2_SE/VHDL/TP_05/TP_05.srcs/sources_1/bd/design_1/ip/design_1_Bascule_0_0/src/zedboard_master_XDC_RevC_D_v3.xdc:92]
CRITICAL WARNING: [Common 17-55] 'set_property' expects at least one object. [c:/Users/alois/Documents/Perso/M2_SE/VHDL/TP_05/TP_05.srcs/sources_1/bd/design_1/ip/design_1_Bascule_0_0/src/zedboard_master_XDC_RevC_D_v3.xdc:92]
Resolution: If [get_<value>] was used to populate the object, check to make sure this command returns at least one valid object.
WARNING: [Vivado 12-584] No ports matched 'JA8'. [c:/Users/alois/Documents/Perso/M2_SE/VHDL/TP_05/TP_05.srcs/sources_1/bd/design_1/ip/design_1_Bascule_0_0/src/zedboard_master_XDC_RevC_D_v3.xdc:93]
CRITICAL WARNING: [Common 17-55] 'set_property' expects at least one object. [c:/Users/alois/Documents/Perso/M2_SE/VHDL/TP_05/TP_05.srcs/sources_1/bd/design_1/ip/design_1_Bascule_0_0/src/zedboard_master_XDC_RevC_D_v3.xdc:93]
Resolution: If [get_<value>] was used to populate the object, check to make sure this command returns at least one valid object.
WARNING: [Vivado 12-584] No ports matched 'JA9'. [c:/Users/alois/Documents/Perso/M2_SE/VHDL/TP_05/TP_05.srcs/sources_1/bd/design_1/ip/design_1_Bascule_0_0/src/zedboard_master_XDC_RevC_D_v3.xdc:94]
CRITICAL WARNING: [Common 17-55] 'set_property' expects at least one object. [c:/Users/alois/Documents/Perso/M2_SE/VHDL/TP_05/TP_05.srcs/sources_1/bd/design_1/ip/design_1_Bascule_0_0/src/zedboard_master_XDC_RevC_D_v3.xdc:94]
Resolution: If [get_<value>] was used to populate the object, check to make sure this command returns at least one valid object.
WARNING: [Vivado 12-584] No ports matched 'JB1'. [c:/Users/alois/Documents/Perso/M2_SE/VHDL/TP_05/TP_05.srcs/sources_1/bd/design_1/ip/design_1_Bascule_0_0/src/zedboard_master_XDC_RevC_D_v3.xdc:100]
CRITICAL WARNING: [Common 17-55] 'set_property' expects at least one object. [c:/Users/alois/Documents/Perso/M2_SE/VHDL/TP_05/TP_05.srcs/sources_1/bd/design_1/ip/design_1_Bascule_0_0/src/zedboard_master_XDC_RevC_D_v3.xdc:100]
Resolution: If [get_<value>] was used to populate the object, check to make sure this command returns at least one valid object.
WARNING: [Vivado 12-584] No ports matched 'JB10'. [c:/Users/alois/Documents/Perso/M2_SE/VHDL/TP_05/TP_05.srcs/sources_1/bd/design_1/ip/design_1_Bascule_0_0/src/zedboard_master_XDC_RevC_D_v3.xdc:101]
CRITICAL WARNING: [Common 17-55] 'set_property' expects at least one object. [c:/Users/alois/Documents/Perso/M2_SE/VHDL/TP_05/TP_05.srcs/sources_1/bd/design_1/ip/design_1_Bascule_0_0/src/zedboard_master_XDC_RevC_D_v3.xdc:101]
Resolution: If [get_<value>] was used to populate the object, check to make sure this command returns at least one valid object.
WARNING: [Vivado 12-584] No ports matched 'JB2'. [c:/Users/alois/Documents/Perso/M2_SE/VHDL/TP_05/TP_05.srcs/sources_1/bd/design_1/ip/design_1_Bascule_0_0/src/zedboard_master_XDC_RevC_D_v3.xdc:102]
CRITICAL WARNING: [Common 17-55] 'set_property' expects at least one object. [c:/Users/alois/Documents/Perso/M2_SE/VHDL/TP_05/TP_05.srcs/sources_1/bd/design_1/ip/design_1_Bascule_0_0/src/zedboard_master_XDC_RevC_D_v3.xdc:102]
Resolution: If [get_<value>] was used to populate the object, check to make sure this command returns at least one valid object.
WARNING: [Vivado 12-584] No ports matched 'JB3'. [c:/Users/alois/Documents/Perso/M2_SE/VHDL/TP_05/TP_05.srcs/sources_1/bd/design_1/ip/design_1_Bascule_0_0/src/zedboard_master_XDC_RevC_D_v3.xdc:103]
CRITICAL WARNING: [Common 17-55] 'set_property' expects at least one object. [c:/Users/alois/Documents/Perso/M2_SE/VHDL/TP_05/TP_05.srcs/sources_1/bd/design_1/ip/design_1_Bascule_0_0/src/zedboard_master_XDC_RevC_D_v3.xdc:103]
Resolution: If [get_<value>] was used to populate the object, check to make sure this command returns at least one valid object.
WARNING: [Vivado 12-584] No ports matched 'JB4'. [c:/Users/alois/Documents/Perso/M2_SE/VHDL/TP_05/TP_05.srcs/sources_1/bd/design_1/ip/design_1_Bascule_0_0/src/zedboard_master_XDC_RevC_D_v3.xdc:104]
CRITICAL WARNING: [Common 17-55] 'set_property' expects at least one object. [c:/Users/alois/Documents/Perso/M2_SE/VHDL/TP_05/TP_05.srcs/sources_1/bd/design_1/ip/design_1_Bascule_0_0/src/zedboard_master_XDC_RevC_D_v3.xdc:104]
Resolution: If [get_<value>] was used to populate the object, check to make sure this command returns at least one valid object.
WARNING: [Vivado 12-584] No ports matched 'JB7'. [c:/Users/alois/Documents/Perso/M2_SE/VHDL/TP_05/TP_05.srcs/sources_1/bd/design_1/ip/design_1_Bascule_0_0/src/zedboard_master_XDC_RevC_D_v3.xdc:105]
CRITICAL WARNING: [Common 17-55] 'set_property' expects at least one object. [c:/Users/alois/Documents/Perso/M2_SE/VHDL/TP_05/TP_05.srcs/sources_1/bd/design_1/ip/design_1_Bascule_0_0/src/zedboard_master_XDC_RevC_D_v3.xdc:105]
Resolution: If [get_<value>] was used to populate the object, check to make sure this command returns at least one valid object.
WARNING: [Vivado 12-584] No ports matched 'JB8'. [c:/Users/alois/Documents/Perso/M2_SE/VHDL/TP_05/TP_05.srcs/sources_1/bd/design_1/ip/design_1_Bascule_0_0/src/zedboard_master_XDC_RevC_D_v3.xdc:106]
CRITICAL WARNING: [Common 17-55] 'set_property' expects at least one object. [c:/Users/alois/Documents/Perso/M2_SE/VHDL/TP_05/TP_05.srcs/sources_1/bd/design_1/ip/design_1_Bascule_0_0/src/zedboard_master_XDC_RevC_D_v3.xdc:106]
Resolution: If [get_<value>] was used to populate the object, check to make sure this command returns at least one valid object.
WARNING: [Vivado 12-584] No ports matched 'JB9'. [c:/Users/alois/Documents/Perso/M2_SE/VHDL/TP_05/TP_05.srcs/sources_1/bd/design_1/ip/design_1_Bascule_0_0/src/zedboard_master_XDC_RevC_D_v3.xdc:107]
CRITICAL WARNING: [Common 17-55] 'set_property' expects at least one object. [c:/Users/alois/Documents/Perso/M2_SE/VHDL/TP_05/TP_05.srcs/sources_1/bd/design_1/ip/design_1_Bascule_0_0/src/zedboard_master_XDC_RevC_D_v3.xdc:107]
Resolution: If [get_<value>] was used to populate the object, check to make sure this command returns at least one valid object.
WARNING: [Vivado 12-584] No ports matched 'JC1_N'. [c:/Users/alois/Documents/Perso/M2_SE/VHDL/TP_05/TP_05.srcs/sources_1/bd/design_1/ip/design_1_Bascule_0_0/src/zedboard_master_XDC_RevC_D_v3.xdc:112]
CRITICAL WARNING: [Common 17-55] 'set_property' expects at least one object. [c:/Users/alois/Documents/Perso/M2_SE/VHDL/TP_05/TP_05.srcs/sources_1/bd/design_1/ip/design_1_Bascule_0_0/src/zedboard_master_XDC_RevC_D_v3.xdc:112]
Resolution: If [get_<value>] was used to populate the object, check to make sure this command returns at least one valid object.
WARNING: [Vivado 12-584] No ports matched 'JC1_P'. [c:/Users/alois/Documents/Perso/M2_SE/VHDL/TP_05/TP_05.srcs/sources_1/bd/design_1/ip/design_1_Bascule_0_0/src/zedboard_master_XDC_RevC_D_v3.xdc:113]
CRITICAL WARNING: [Common 17-55] 'set_property' expects at least one object. [c:/Users/alois/Documents/Perso/M2_SE/VHDL/TP_05/TP_05.srcs/sources_1/bd/design_1/ip/design_1_Bascule_0_0/src/zedboard_master_XDC_RevC_D_v3.xdc:113]
Resolution: If [get_<value>] was used to populate the object, check to make sure this command returns at least one valid object.
WARNING: [Vivado 12-584] No ports matched 'JC2_N'. [c:/Users/alois/Documents/Perso/M2_SE/VHDL/TP_05/TP_05.srcs/sources_1/bd/design_1/ip/design_1_Bascule_0_0/src/zedboard_master_XDC_RevC_D_v3.xdc:114]
CRITICAL WARNING: [Common 17-55] 'set_property' expects at least one object. [c:/Users/alois/Documents/Perso/M2_SE/VHDL/TP_05/TP_05.srcs/sources_1/bd/design_1/ip/design_1_Bascule_0_0/src/zedboard_master_XDC_RevC_D_v3.xdc:114]
Resolution: If [get_<value>] was used to populate the object, check to make sure this command returns at least one valid object.
WARNING: [Vivado 12-584] No ports matched 'JC2_P'. [c:/Users/alois/Documents/Perso/M2_SE/VHDL/TP_05/TP_05.srcs/sources_1/bd/design_1/ip/design_1_Bascule_0_0/src/zedboard_master_XDC_RevC_D_v3.xdc:115]
CRITICAL WARNING: [Common 17-55] 'set_property' expects at least one object. [c:/Users/alois/Documents/Perso/M2_SE/VHDL/TP_05/TP_05.srcs/sources_1/bd/design_1/ip/design_1_Bascule_0_0/src/zedboard_master_XDC_RevC_D_v3.xdc:115]
Resolution: If [get_<value>] was used to populate the object, check to make sure this command returns at least one valid object.
WARNING: [Vivado 12-584] No ports matched 'JC3_N'. [c:/Users/alois/Documents/Perso/M2_SE/VHDL/TP_05/TP_05.srcs/sources_1/bd/design_1/ip/design_1_Bascule_0_0/src/zedboard_master_XDC_RevC_D_v3.xdc:116]
CRITICAL WARNING: [Common 17-55] 'set_property' expects at least one object. [c:/Users/alois/Documents/Perso/M2_SE/VHDL/TP_05/TP_05.srcs/sources_1/bd/design_1/ip/design_1_Bascule_0_0/src/zedboard_master_XDC_RevC_D_v3.xdc:116]
Resolution: If [get_<value>] was used to populate the object, check to make sure this command returns at least one valid object.
WARNING: [Vivado 12-584] No ports matched 'JC3_P'. [c:/Users/alois/Documents/Perso/M2_SE/VHDL/TP_05/TP_05.srcs/sources_1/bd/design_1/ip/design_1_Bascule_0_0/src/zedboard_master_XDC_RevC_D_v3.xdc:117]
CRITICAL WARNING: [Common 17-55] 'set_property' expects at least one object. [c:/Users/alois/Documents/Perso/M2_SE/VHDL/TP_05/TP_05.srcs/sources_1/bd/design_1/ip/design_1_Bascule_0_0/src/zedboard_master_XDC_RevC_D_v3.xdc:117]
Resolution: If [get_<value>] was used to populate the object, check to make sure this command returns at least one valid object.
WARNING: [Vivado 12-584] No ports matched 'JC4_N'. [c:/Users/alois/Documents/Perso/M2_SE/VHDL/TP_05/TP_05.srcs/sources_1/bd/design_1/ip/design_1_Bascule_0_0/src/zedboard_master_XDC_RevC_D_v3.xdc:118]
CRITICAL WARNING: [Common 17-55] 'set_property' expects at least one object. [c:/Users/alois/Documents/Perso/M2_SE/VHDL/TP_05/TP_05.srcs/sources_1/bd/design_1/ip/design_1_Bascule_0_0/src/zedboard_master_XDC_RevC_D_v3.xdc:118]
Resolution: If [get_<value>] was used to populate the object, check to make sure this command returns at least one valid object.
WARNING: [Vivado 12-584] No ports matched 'JC4_P'. [c:/Users/alois/Documents/Perso/M2_SE/VHDL/TP_05/TP_05.srcs/sources_1/bd/design_1/ip/design_1_Bascule_0_0/src/zedboard_master_XDC_RevC_D_v3.xdc:119]
CRITICAL WARNING: [Common 17-55] 'set_property' expects at least one object. [c:/Users/alois/Documents/Perso/M2_SE/VHDL/TP_05/TP_05.srcs/sources_1/bd/design_1/ip/design_1_Bascule_0_0/src/zedboard_master_XDC_RevC_D_v3.xdc:119]
Resolution: If [get_<value>] was used to populate the object, check to make sure this command returns at least one valid object.
WARNING: [Vivado 12-584] No ports matched 'JD1_N'. [c:/Users/alois/Documents/Perso/M2_SE/VHDL/TP_05/TP_05.srcs/sources_1/bd/design_1/ip/design_1_Bascule_0_0/src/zedboard_master_XDC_RevC_D_v3.xdc:124]
CRITICAL WARNING: [Common 17-55] 'set_property' expects at least one object. [c:/Users/alois/Documents/Perso/M2_SE/VHDL/TP_05/TP_05.srcs/sources_1/bd/design_1/ip/design_1_Bascule_0_0/src/zedboard_master_XDC_RevC_D_v3.xdc:124]
Resolution: If [get_<value>] was used to populate the object, check to make sure this command returns at least one valid object.
WARNING: [Vivado 12-584] No ports matched 'JD1_P'. [c:/Users/alois/Documents/Perso/M2_SE/VHDL/TP_05/TP_05.srcs/sources_1/bd/design_1/ip/design_1_Bascule_0_0/src/zedboard_master_XDC_RevC_D_v3.xdc:125]
CRITICAL WARNING: [Common 17-55] 'set_property' expects at least one object. [c:/Users/alois/Documents/Perso/M2_SE/VHDL/TP_05/TP_05.srcs/sources_1/bd/design_1/ip/design_1_Bascule_0_0/src/zedboard_master_XDC_RevC_D_v3.xdc:125]
Resolution: If [get_<value>] was used to populate the object, check to make sure this command returns at least one valid object.
WARNING: [Vivado 12-584] No ports matched 'JD2_N'. [c:/Users/alois/Documents/Perso/M2_SE/VHDL/TP_05/TP_05.srcs/sources_1/bd/design_1/ip/design_1_Bascule_0_0/src/zedboard_master_XDC_RevC_D_v3.xdc:126]
CRITICAL WARNING: [Common 17-55] 'set_property' expects at least one object. [c:/Users/alois/Documents/Perso/M2_SE/VHDL/TP_05/TP_05.srcs/sources_1/bd/design_1/ip/design_1_Bascule_0_0/src/zedboard_master_XDC_RevC_D_v3.xdc:126]
Resolution: If [get_<value>] was used to populate the object, check to make sure this command returns at least one valid object.
WARNING: [Vivado 12-584] No ports matched 'JD2_P'. [c:/Users/alois/Documents/Perso/M2_SE/VHDL/TP_05/TP_05.srcs/sources_1/bd/design_1/ip/design_1_Bascule_0_0/src/zedboard_master_XDC_RevC_D_v3.xdc:127]
CRITICAL WARNING: [Common 17-55] 'set_property' expects at least one object. [c:/Users/alois/Documents/Perso/M2_SE/VHDL/TP_05/TP_05.srcs/sources_1/bd/design_1/ip/design_1_Bascule_0_0/src/zedboard_master_XDC_RevC_D_v3.xdc:127]
Resolution: If [get_<value>] was used to populate the object, check to make sure this command returns at least one valid object.
WARNING: [Vivado 12-584] No ports matched 'JD3_N'. [c:/Users/alois/Documents/Perso/M2_SE/VHDL/TP_05/TP_05.srcs/sources_1/bd/design_1/ip/design_1_Bascule_0_0/src/zedboard_master_XDC_RevC_D_v3.xdc:128]
CRITICAL WARNING: [Common 17-55] 'set_property' expects at least one object. [c:/Users/alois/Documents/Perso/M2_SE/VHDL/TP_05/TP_05.srcs/sources_1/bd/design_1/ip/design_1_Bascule_0_0/src/zedboard_master_XDC_RevC_D_v3.xdc:128]
Resolution: If [get_<value>] was used to populate the object, check to make sure this command returns at least one valid object.
WARNING: [Vivado 12-584] No ports matched 'JD3_P'. [c:/Users/alois/Documents/Perso/M2_SE/VHDL/TP_05/TP_05.srcs/sources_1/bd/design_1/ip/design_1_Bascule_0_0/src/zedboard_master_XDC_RevC_D_v3.xdc:129]
CRITICAL WARNING: [Common 17-55] 'set_property' expects at least one object. [c:/Users/alois/Documents/Perso/M2_SE/VHDL/TP_05/TP_05.srcs/sources_1/bd/design_1/ip/design_1_Bascule_0_0/src/zedboard_master_XDC_RevC_D_v3.xdc:129]
Resolution: If [get_<value>] was used to populate the object, check to make sure this command returns at least one valid object.
WARNING: [Vivado 12-584] No ports matched 'JD4_N'. [c:/Users/alois/Documents/Perso/M2_SE/VHDL/TP_05/TP_05.srcs/sources_1/bd/design_1/ip/design_1_Bascule_0_0/src/zedboard_master_XDC_RevC_D_v3.xdc:130]
CRITICAL WARNING: [Common 17-55] 'set_property' expects at least one object. [c:/Users/alois/Documents/Perso/M2_SE/VHDL/TP_05/TP_05.srcs/sources_1/bd/design_1/ip/design_1_Bascule_0_0/src/zedboard_master_XDC_RevC_D_v3.xdc:130]
Resolution: If [get_<value>] was used to populate the object, check to make sure this command returns at least one valid object.
WARNING: [Vivado 12-584] No ports matched 'JD4_P'. [c:/Users/alois/Documents/Perso/M2_SE/VHDL/TP_05/TP_05.srcs/sources_1/bd/design_1/ip/design_1_Bascule_0_0/src/zedboard_master_XDC_RevC_D_v3.xdc:131]
CRITICAL WARNING: [Common 17-55] 'set_property' expects at least one object. [c:/Users/alois/Documents/Perso/M2_SE/VHDL/TP_05/TP_05.srcs/sources_1/bd/design_1/ip/design_1_Bascule_0_0/src/zedboard_master_XDC_RevC_D_v3.xdc:131]
Resolution: If [get_<value>] was used to populate the object, check to make sure this command returns at least one valid object.
WARNING: [Vivado 12-584] No ports matched 'OLED_DC'. [c:/Users/alois/Documents/Perso/M2_SE/VHDL/TP_05/TP_05.srcs/sources_1/bd/design_1/ip/design_1_Bascule_0_0/src/zedboard_master_XDC_RevC_D_v3.xdc:136]
CRITICAL WARNING: [Common 17-55] 'set_property' expects at least one object. [c:/Users/alois/Documents/Perso/M2_SE/VHDL/TP_05/TP_05.srcs/sources_1/bd/design_1/ip/design_1_Bascule_0_0/src/zedboard_master_XDC_RevC_D_v3.xdc:136]
Resolution: If [get_<value>] was used to populate the object, check to make sure this command returns at least one valid object.
WARNING: [Vivado 12-584] No ports matched 'OLED_RES'. [c:/Users/alois/Documents/Perso/M2_SE/VHDL/TP_05/TP_05.srcs/sources_1/bd/design_1/ip/design_1_Bascule_0_0/src/zedboard_master_XDC_RevC_D_v3.xdc:137]
CRITICAL WARNING: [Common 17-55] 'set_property' expects at least one object. [c:/Users/alois/Documents/Perso/M2_SE/VHDL/TP_05/TP_05.srcs/sources_1/bd/design_1/ip/design_1_Bascule_0_0/src/zedboard_master_XDC_RevC_D_v3.xdc:137]
Resolution: If [get_<value>] was used to populate the object, check to make sure this command returns at least one valid object.
WARNING: [Vivado 12-584] No ports matched 'OLED_SCLK'. [c:/Users/alois/Documents/Perso/M2_SE/VHDL/TP_05/TP_05.srcs/sources_1/bd/design_1/ip/design_1_Bascule_0_0/src/zedboard_master_XDC_RevC_D_v3.xdc:138]
CRITICAL WARNING: [Common 17-55] 'set_property' expects at least one object. [c:/Users/alois/Documents/Perso/M2_SE/VHDL/TP_05/TP_05.srcs/sources_1/bd/design_1/ip/design_1_Bascule_0_0/src/zedboard_master_XDC_RevC_D_v3.xdc:138]
Resolution: If [get_<value>] was used to populate the object, check to make sure this command returns at least one valid object.
WARNING: [Vivado 12-584] No ports matched 'OLED_SDIN'. [c:/Users/alois/Documents/Perso/M2_SE/VHDL/TP_05/TP_05.srcs/sources_1/bd/design_1/ip/design_1_Bascule_0_0/src/zedboard_master_XDC_RevC_D_v3.xdc:139]
CRITICAL WARNING: [Common 17-55] 'set_property' expects at least one object. [c:/Users/alois/Documents/Perso/M2_SE/VHDL/TP_05/TP_05.srcs/sources_1/bd/design_1/ip/design_1_Bascule_0_0/src/zedboard_master_XDC_RevC_D_v3.xdc:139]
Resolution: If [get_<value>] was used to populate the object, check to make sure this command returns at least one valid object.
WARNING: [Vivado 12-584] No ports matched 'OLED_VBAT'. [c:/Users/alois/Documents/Perso/M2_SE/VHDL/TP_05/TP_05.srcs/sources_1/bd/design_1/ip/design_1_Bascule_0_0/src/zedboard_master_XDC_RevC_D_v3.xdc:140]
CRITICAL WARNING: [Common 17-55] 'set_property' expects at least one object. [c:/Users/alois/Documents/Perso/M2_SE/VHDL/TP_05/TP_05.srcs/sources_1/bd/design_1/ip/design_1_Bascule_0_0/src/zedboard_master_XDC_RevC_D_v3.xdc:140]
Resolution: If [get_<value>] was used to populate the object, check to make sure this command returns at least one valid object.
WARNING: [Vivado 12-584] No ports matched 'OLED_VDD'. [c:/Users/alois/Documents/Perso/M2_SE/VHDL/TP_05/TP_05.srcs/sources_1/bd/design_1/ip/design_1_Bascule_0_0/src/zedboard_master_XDC_RevC_D_v3.xdc:141]
CRITICAL WARNING: [Common 17-55] 'set_property' expects at least one object. [c:/Users/alois/Documents/Perso/M2_SE/VHDL/TP_05/TP_05.srcs/sources_1/bd/design_1/ip/design_1_Bascule_0_0/src/zedboard_master_XDC_RevC_D_v3.xdc:141]
Resolution: If [get_<value>] was used to populate the object, check to make sure this command returns at least one valid object.
WARNING: [Vivado 12-584] No ports matched 'HD_CLK'. [c:/Users/alois/Documents/Perso/M2_SE/VHDL/TP_05/TP_05.srcs/sources_1/bd/design_1/ip/design_1_Bascule_0_0/src/zedboard_master_XDC_RevC_D_v3.xdc:146]
CRITICAL WARNING: [Common 17-55] 'set_property' expects at least one object. [c:/Users/alois/Documents/Perso/M2_SE/VHDL/TP_05/TP_05.srcs/sources_1/bd/design_1/ip/design_1_Bascule_0_0/src/zedboard_master_XDC_RevC_D_v3.xdc:146]
Resolution: If [get_<value>] was used to populate the object, check to make sure this command returns at least one valid object.
WARNING: [Vivado 12-584] No ports matched 'HD_D0'. [c:/Users/alois/Documents/Perso/M2_SE/VHDL/TP_05/TP_05.srcs/sources_1/bd/design_1/ip/design_1_Bascule_0_0/src/zedboard_master_XDC_RevC_D_v3.xdc:147]
CRITICAL WARNING: [Common 17-55] 'set_property' expects at least one object. [c:/Users/alois/Documents/Perso/M2_SE/VHDL/TP_05/TP_05.srcs/sources_1/bd/design_1/ip/design_1_Bascule_0_0/src/zedboard_master_XDC_RevC_D_v3.xdc:147]
Resolution: If [get_<value>] was used to populate the object, check to make sure this command returns at least one valid object.
WARNING: [Vivado 12-584] No ports matched 'HD_D1'. [c:/Users/alois/Documents/Perso/M2_SE/VHDL/TP_05/TP_05.srcs/sources_1/bd/design_1/ip/design_1_Bascule_0_0/src/zedboard_master_XDC_RevC_D_v3.xdc:148]
CRITICAL WARNING: [Common 17-55] 'set_property' expects at least one object. [c:/Users/alois/Documents/Perso/M2_SE/VHDL/TP_05/TP_05.srcs/sources_1/bd/design_1/ip/design_1_Bascule_0_0/src/zedboard_master_XDC_RevC_D_v3.xdc:148]
Resolution: If [get_<value>] was used to populate the object, check to make sure this command returns at least one valid object.
WARNING: [Vivado 12-584] No ports matched 'HD_D10'. [c:/Users/alois/Documents/Perso/M2_SE/VHDL/TP_05/TP_05.srcs/sources_1/bd/design_1/ip/design_1_Bascule_0_0/src/zedboard_master_XDC_RevC_D_v3.xdc:149]
CRITICAL WARNING: [Common 17-55] 'set_property' expects at least one object. [c:/Users/alois/Documents/Perso/M2_SE/VHDL/TP_05/TP_05.srcs/sources_1/bd/design_1/ip/design_1_Bascule_0_0/src/zedboard_master_XDC_RevC_D_v3.xdc:149]
Resolution: If [get_<value>] was used to populate the object, check to make sure this command returns at least one valid object.
WARNING: [Vivado 12-584] No ports matched 'HD_D11'. [c:/Users/alois/Documents/Perso/M2_SE/VHDL/TP_05/TP_05.srcs/sources_1/bd/design_1/ip/design_1_Bascule_0_0/src/zedboard_master_XDC_RevC_D_v3.xdc:150]
CRITICAL WARNING: [Common 17-55] 'set_property' expects at least one object. [c:/Users/alois/Documents/Perso/M2_SE/VHDL/TP_05/TP_05.srcs/sources_1/bd/design_1/ip/design_1_Bascule_0_0/src/zedboard_master_XDC_RevC_D_v3.xdc:150]
Resolution: If [get_<value>] was used to populate the object, check to make sure this command returns at least one valid object.
WARNING: [Vivado 12-584] No ports matched 'HD_D12'. [c:/Users/alois/Documents/Perso/M2_SE/VHDL/TP_05/TP_05.srcs/sources_1/bd/design_1/ip/design_1_Bascule_0_0/src/zedboard_master_XDC_RevC_D_v3.xdc:151]
CRITICAL WARNING: [Common 17-55] 'set_property' expects at least one object. [c:/Users/alois/Documents/Perso/M2_SE/VHDL/TP_05/TP_05.srcs/sources_1/bd/design_1/ip/design_1_Bascule_0_0/src/zedboard_master_XDC_RevC_D_v3.xdc:151]
Resolution: If [get_<value>] was used to populate the object, check to make sure this command returns at least one valid object.
WARNING: [Vivado 12-584] No ports matched 'HD_D13'. [c:/Users/alois/Documents/Perso/M2_SE/VHDL/TP_05/TP_05.srcs/sources_1/bd/design_1/ip/design_1_Bascule_0_0/src/zedboard_master_XDC_RevC_D_v3.xdc:152]
CRITICAL WARNING: [Common 17-55] 'set_property' expects at least one object. [c:/Users/alois/Documents/Perso/M2_SE/VHDL/TP_05/TP_05.srcs/sources_1/bd/design_1/ip/design_1_Bascule_0_0/src/zedboard_master_XDC_RevC_D_v3.xdc:152]
Resolution: If [get_<value>] was used to populate the object, check to make sure this command returns at least one valid object.
WARNING: [Vivado 12-584] No ports matched 'HD_D14'. [c:/Users/alois/Documents/Perso/M2_SE/VHDL/TP_05/TP_05.srcs/sources_1/bd/design_1/ip/design_1_Bascule_0_0/src/zedboard_master_XDC_RevC_D_v3.xdc:153]
CRITICAL WARNING: [Common 17-55] 'set_property' expects at least one object. [c:/Users/alois/Documents/Perso/M2_SE/VHDL/TP_05/TP_05.srcs/sources_1/bd/design_1/ip/design_1_Bascule_0_0/src/zedboard_master_XDC_RevC_D_v3.xdc:153]
Resolution: If [get_<value>] was used to populate the object, check to make sure this command returns at least one valid object.
WARNING: [Vivado 12-584] No ports matched 'HS_D15'. [c:/Users/alois/Documents/Perso/M2_SE/VHDL/TP_05/TP_05.srcs/sources_1/bd/design_1/ip/design_1_Bascule_0_0/src/zedboard_master_XDC_RevC_D_v3.xdc:154]
CRITICAL WARNING: [Common 17-55] 'set_property' expects at least one object. [c:/Users/alois/Documents/Perso/M2_SE/VHDL/TP_05/TP_05.srcs/sources_1/bd/design_1/ip/design_1_Bascule_0_0/src/zedboard_master_XDC_RevC_D_v3.xdc:154]
Resolution: If [get_<value>] was used to populate the object, check to make sure this command returns at least one valid object.
WARNING: [Vivado 12-584] No ports matched 'HD_D2'. [c:/Users/alois/Documents/Perso/M2_SE/VHDL/TP_05/TP_05.srcs/sources_1/bd/design_1/ip/design_1_Bascule_0_0/src/zedboard_master_XDC_RevC_D_v3.xdc:155]
CRITICAL WARNING: [Common 17-55] 'set_property' expects at least one object. [c:/Users/alois/Documents/Perso/M2_SE/VHDL/TP_05/TP_05.srcs/sources_1/bd/design_1/ip/design_1_Bascule_0_0/src/zedboard_master_XDC_RevC_D_v3.xdc:155]
Resolution: If [get_<value>] was used to populate the object, check to make sure this command returns at least one valid object.
WARNING: [Vivado 12-584] No ports matched 'HD_D3'. [c:/Users/alois/Documents/Perso/M2_SE/VHDL/TP_05/TP_05.srcs/sources_1/bd/design_1/ip/design_1_Bascule_0_0/src/zedboard_master_XDC_RevC_D_v3.xdc:156]
CRITICAL WARNING: [Common 17-55] 'set_property' expects at least one object. [c:/Users/alois/Documents/Perso/M2_SE/VHDL/TP_05/TP_05.srcs/sources_1/bd/design_1/ip/design_1_Bascule_0_0/src/zedboard_master_XDC_RevC_D_v3.xdc:156]
Resolution: If [get_<value>] was used to populate the object, check to make sure this command returns at least one valid object.
WARNING: [Vivado 12-584] No ports matched 'HD_D4'. [c:/Users/alois/Documents/Perso/M2_SE/VHDL/TP_05/TP_05.srcs/sources_1/bd/design_1/ip/design_1_Bascule_0_0/src/zedboard_master_XDC_RevC_D_v3.xdc:157]
CRITICAL WARNING: [Common 17-55] 'set_property' expects at least one object. [c:/Users/alois/Documents/Perso/M2_SE/VHDL/TP_05/TP_05.srcs/sources_1/bd/design_1/ip/design_1_Bascule_0_0/src/zedboard_master_XDC_RevC_D_v3.xdc:157]
Resolution: If [get_<value>] was used to populate the object, check to make sure this command returns at least one valid object.
WARNING: [Vivado 12-584] No ports matched 'HD_D5'. [c:/Users/alois/Documents/Perso/M2_SE/VHDL/TP_05/TP_05.srcs/sources_1/bd/design_1/ip/design_1_Bascule_0_0/src/zedboard_master_XDC_RevC_D_v3.xdc:158]
CRITICAL WARNING: [Common 17-55] 'set_property' expects at least one object. [c:/Users/alois/Documents/Perso/M2_SE/VHDL/TP_05/TP_05.srcs/sources_1/bd/design_1/ip/design_1_Bascule_0_0/src/zedboard_master_XDC_RevC_D_v3.xdc:158]
Resolution: If [get_<value>] was used to populate the object, check to make sure this command returns at least one valid object.
WARNING: [Vivado 12-584] No ports matched 'HD_D6'. [c:/Users/alois/Documents/Perso/M2_SE/VHDL/TP_05/TP_05.srcs/sources_1/bd/design_1/ip/design_1_Bascule_0_0/src/zedboard_master_XDC_RevC_D_v3.xdc:159]
CRITICAL WARNING: [Common 17-55] 'set_property' expects at least one object. [c:/Users/alois/Documents/Perso/M2_SE/VHDL/TP_05/TP_05.srcs/sources_1/bd/design_1/ip/design_1_Bascule_0_0/src/zedboard_master_XDC_RevC_D_v3.xdc:159]
Resolution: If [get_<value>] was used to populate the object, check to make sure this command returns at least one valid object.
WARNING: [Vivado 12-584] No ports matched 'HD_D7'. [c:/Users/alois/Documents/Perso/M2_SE/VHDL/TP_05/TP_05.srcs/sources_1/bd/design_1/ip/design_1_Bascule_0_0/src/zedboard_master_XDC_RevC_D_v3.xdc:160]
CRITICAL WARNING: [Common 17-55] 'set_property' expects at least one object. [c:/Users/alois/Documents/Perso/M2_SE/VHDL/TP_05/TP_05.srcs/sources_1/bd/design_1/ip/design_1_Bascule_0_0/src/zedboard_master_XDC_RevC_D_v3.xdc:160]
Resolution: If [get_<value>] was used to populate the object, check to make sure this command returns at least one valid object.
WARNING: [Vivado 12-584] No ports matched 'HD_D8'. [c:/Users/alois/Documents/Perso/M2_SE/VHDL/TP_05/TP_05.srcs/sources_1/bd/design_1/ip/design_1_Bascule_0_0/src/zedboard_master_XDC_RevC_D_v3.xdc:161]
CRITICAL WARNING: [Common 17-55] 'set_property' expects at least one object. [c:/Users/alois/Documents/Perso/M2_SE/VHDL/TP_05/TP_05.srcs/sources_1/bd/design_1/ip/design_1_Bascule_0_0/src/zedboard_master_XDC_RevC_D_v3.xdc:161]
Resolution: If [get_<value>] was used to populate the object, check to make sure this command returns at least one valid object.
WARNING: [Vivado 12-584] No ports matched 'HD_D9'. [c:/Users/alois/Documents/Perso/M2_SE/VHDL/TP_05/TP_05.srcs/sources_1/bd/design_1/ip/design_1_Bascule_0_0/src/zedboard_master_XDC_RevC_D_v3.xdc:162]
CRITICAL WARNING: [Common 17-55] 'set_property' expects at least one object. [c:/Users/alois/Documents/Perso/M2_SE/VHDL/TP_05/TP_05.srcs/sources_1/bd/design_1/ip/design_1_Bascule_0_0/src/zedboard_master_XDC_RevC_D_v3.xdc:162]
Resolution: If [get_<value>] was used to populate the object, check to make sure this command returns at least one valid object.
WARNING: [Vivado 12-584] No ports matched 'HD_DE'. [c:/Users/alois/Documents/Perso/M2_SE/VHDL/TP_05/TP_05.srcs/sources_1/bd/design_1/ip/design_1_Bascule_0_0/src/zedboard_master_XDC_RevC_D_v3.xdc:163]
CRITICAL WARNING: [Common 17-55] 'set_property' expects at least one object. [c:/Users/alois/Documents/Perso/M2_SE/VHDL/TP_05/TP_05.srcs/sources_1/bd/design_1/ip/design_1_Bascule_0_0/src/zedboard_master_XDC_RevC_D_v3.xdc:163]
Resolution: If [get_<value>] was used to populate the object, check to make sure this command returns at least one valid object.
WARNING: [Vivado 12-584] No ports matched 'HD_HSYNC'. [c:/Users/alois/Documents/Perso/M2_SE/VHDL/TP_05/TP_05.srcs/sources_1/bd/design_1/ip/design_1_Bascule_0_0/src/zedboard_master_XDC_RevC_D_v3.xdc:164]
CRITICAL WARNING: [Common 17-55] 'set_property' expects at least one object. [c:/Users/alois/Documents/Perso/M2_SE/VHDL/TP_05/TP_05.srcs/sources_1/bd/design_1/ip/design_1_Bascule_0_0/src/zedboard_master_XDC_RevC_D_v3.xdc:164]
Resolution: If [get_<value>] was used to populate the object, check to make sure this command returns at least one valid object.
WARNING: [Vivado 12-584] No ports matched 'HD_INT'. [c:/Users/alois/Documents/Perso/M2_SE/VHDL/TP_05/TP_05.srcs/sources_1/bd/design_1/ip/design_1_Bascule_0_0/src/zedboard_master_XDC_RevC_D_v3.xdc:165]
CRITICAL WARNING: [Common 17-55] 'set_property' expects at least one object. [c:/Users/alois/Documents/Perso/M2_SE/VHDL/TP_05/TP_05.srcs/sources_1/bd/design_1/ip/design_1_Bascule_0_0/src/zedboard_master_XDC_RevC_D_v3.xdc:165]
Resolution: If [get_<value>] was used to populate the object, check to make sure this command returns at least one valid object.
WARNING: [Vivado 12-584] No ports matched 'HD_SCL'. [c:/Users/alois/Documents/Perso/M2_SE/VHDL/TP_05/TP_05.srcs/sources_1/bd/design_1/ip/design_1_Bascule_0_0/src/zedboard_master_XDC_RevC_D_v3.xdc:166]
CRITICAL WARNING: [Common 17-55] 'set_property' expects at least one object. [c:/Users/alois/Documents/Perso/M2_SE/VHDL/TP_05/TP_05.srcs/sources_1/bd/design_1/ip/design_1_Bascule_0_0/src/zedboard_master_XDC_RevC_D_v3.xdc:166]
Resolution: If [get_<value>] was used to populate the object, check to make sure this command returns at least one valid object.
WARNING: [Vivado 12-584] No ports matched 'HD_SDA'. [c:/Users/alois/Documents/Perso/M2_SE/VHDL/TP_05/TP_05.srcs/sources_1/bd/design_1/ip/design_1_Bascule_0_0/src/zedboard_master_XDC_RevC_D_v3.xdc:167]
CRITICAL WARNING: [Common 17-55] 'set_property' expects at least one object. [c:/Users/alois/Documents/Perso/M2_SE/VHDL/TP_05/TP_05.srcs/sources_1/bd/design_1/ip/design_1_Bascule_0_0/src/zedboard_master_XDC_RevC_D_v3.xdc:167]
Resolution: If [get_<value>] was used to populate the object, check to make sure this command returns at least one valid object.
WARNING: [Vivado 12-584] No ports matched 'HD_SPDIF'. [c:/Users/alois/Documents/Perso/M2_SE/VHDL/TP_05/TP_05.srcs/sources_1/bd/design_1/ip/design_1_Bascule_0_0/src/zedboard_master_XDC_RevC_D_v3.xdc:168]
CRITICAL WARNING: [Common 17-55] 'set_property' expects at least one object. [c:/Users/alois/Documents/Perso/M2_SE/VHDL/TP_05/TP_05.srcs/sources_1/bd/design_1/ip/design_1_Bascule_0_0/src/zedboard_master_XDC_RevC_D_v3.xdc:168]
Resolution: If [get_<value>] was used to populate the object, check to make sure this command returns at least one valid object.
WARNING: [Vivado 12-584] No ports matched 'HD_SPDIFO'. [c:/Users/alois/Documents/Perso/M2_SE/VHDL/TP_05/TP_05.srcs/sources_1/bd/design_1/ip/design_1_Bascule_0_0/src/zedboard_master_XDC_RevC_D_v3.xdc:169]
CRITICAL WARNING: [Common 17-55] 'set_property' expects at least one object. [c:/Users/alois/Documents/Perso/M2_SE/VHDL/TP_05/TP_05.srcs/sources_1/bd/design_1/ip/design_1_Bascule_0_0/src/zedboard_master_XDC_RevC_D_v3.xdc:169]
Resolution: If [get_<value>] was used to populate the object, check to make sure this command returns at least one valid object.
WARNING: [Vivado 12-584] No ports matched 'HD_VSYNC'. [c:/Users/alois/Documents/Perso/M2_SE/VHDL/TP_05/TP_05.srcs/sources_1/bd/design_1/ip/design_1_Bascule_0_0/src/zedboard_master_XDC_RevC_D_v3.xdc:170]
CRITICAL WARNING: [Common 17-55] 'set_property' expects at least one object. [c:/Users/alois/Documents/Perso/M2_SE/VHDL/TP_05/TP_05.srcs/sources_1/bd/design_1/ip/design_1_Bascule_0_0/src/zedboard_master_XDC_RevC_D_v3.xdc:170]
Resolution: If [get_<value>] was used to populate the object, check to make sure this command returns at least one valid object.
WARNING: [Vivado 12-584] No ports matched 'LD0'. [c:/Users/alois/Documents/Perso/M2_SE/VHDL/TP_05/TP_05.srcs/sources_1/bd/design_1/ip/design_1_Bascule_0_0/src/zedboard_master_XDC_RevC_D_v3.xdc:175]
CRITICAL WARNING: [Common 17-55] 'set_property' expects at least one object. [c:/Users/alois/Documents/Perso/M2_SE/VHDL/TP_05/TP_05.srcs/sources_1/bd/design_1/ip/design_1_Bascule_0_0/src/zedboard_master_XDC_RevC_D_v3.xdc:175]
Resolution: If [get_<value>] was used to populate the object, check to make sure this command returns at least one valid object.
WARNING: [Vivado 12-584] No ports matched 'LD1'. [c:/Users/alois/Documents/Perso/M2_SE/VHDL/TP_05/TP_05.srcs/sources_1/bd/design_1/ip/design_1_Bascule_0_0/src/zedboard_master_XDC_RevC_D_v3.xdc:176]
CRITICAL WARNING: [Common 17-55] 'set_property' expects at least one object. [c:/Users/alois/Documents/Perso/M2_SE/VHDL/TP_05/TP_05.srcs/sources_1/bd/design_1/ip/design_1_Bascule_0_0/src/zedboard_master_XDC_RevC_D_v3.xdc:176]
Resolution: If [get_<value>] was used to populate the object, check to make sure this command returns at least one valid object.
WARNING: [Vivado 12-584] No ports matched 'LD2'. [c:/Users/alois/Documents/Perso/M2_SE/VHDL/TP_05/TP_05.srcs/sources_1/bd/design_1/ip/design_1_Bascule_0_0/src/zedboard_master_XDC_RevC_D_v3.xdc:177]
CRITICAL WARNING: [Common 17-55] 'set_property' expects at least one object. [c:/Users/alois/Documents/Perso/M2_SE/VHDL/TP_05/TP_05.srcs/sources_1/bd/design_1/ip/design_1_Bascule_0_0/src/zedboard_master_XDC_RevC_D_v3.xdc:177]
Resolution: If [get_<value>] was used to populate the object, check to make sure this command returns at least one valid object.
WARNING: [Vivado 12-584] No ports matched 'LD3'. [c:/Users/alois/Documents/Perso/M2_SE/VHDL/TP_05/TP_05.srcs/sources_1/bd/design_1/ip/design_1_Bascule_0_0/src/zedboard_master_XDC_RevC_D_v3.xdc:178]
CRITICAL WARNING: [Common 17-55] 'set_property' expects at least one object. [c:/Users/alois/Documents/Perso/M2_SE/VHDL/TP_05/TP_05.srcs/sources_1/bd/design_1/ip/design_1_Bascule_0_0/src/zedboard_master_XDC_RevC_D_v3.xdc:178]
Resolution: If [get_<value>] was used to populate the object, check to make sure this command returns at least one valid object.
WARNING: [Vivado 12-584] No ports matched 'LD4'. [c:/Users/alois/Documents/Perso/M2_SE/VHDL/TP_05/TP_05.srcs/sources_1/bd/design_1/ip/design_1_Bascule_0_0/src/zedboard_master_XDC_RevC_D_v3.xdc:179]
CRITICAL WARNING: [Common 17-55] 'set_property' expects at least one object. [c:/Users/alois/Documents/Perso/M2_SE/VHDL/TP_05/TP_05.srcs/sources_1/bd/design_1/ip/design_1_Bascule_0_0/src/zedboard_master_XDC_RevC_D_v3.xdc:179]
Resolution: If [get_<value>] was used to populate the object, check to make sure this command returns at least one valid object.
WARNING: [Vivado 12-584] No ports matched 'LD5'. [c:/Users/alois/Documents/Perso/M2_SE/VHDL/TP_05/TP_05.srcs/sources_1/bd/design_1/ip/design_1_Bascule_0_0/src/zedboard_master_XDC_RevC_D_v3.xdc:180]
CRITICAL WARNING: [Common 17-55] 'set_property' expects at least one object. [c:/Users/alois/Documents/Perso/M2_SE/VHDL/TP_05/TP_05.srcs/sources_1/bd/design_1/ip/design_1_Bascule_0_0/src/zedboard_master_XDC_RevC_D_v3.xdc:180]
Resolution: If [get_<value>] was used to populate the object, check to make sure this command returns at least one valid object.
WARNING: [Vivado 12-584] No ports matched 'LD6'. [c:/Users/alois/Documents/Perso/M2_SE/VHDL/TP_05/TP_05.srcs/sources_1/bd/design_1/ip/design_1_Bascule_0_0/src/zedboard_master_XDC_RevC_D_v3.xdc:181]
CRITICAL WARNING: [Common 17-55] 'set_property' expects at least one object. [c:/Users/alois/Documents/Perso/M2_SE/VHDL/TP_05/TP_05.srcs/sources_1/bd/design_1/ip/design_1_Bascule_0_0/src/zedboard_master_XDC_RevC_D_v3.xdc:181]
Resolution: If [get_<value>] was used to populate the object, check to make sure this command returns at least one valid object.
WARNING: [Vivado 12-584] No ports matched 'LD7'. [c:/Users/alois/Documents/Perso/M2_SE/VHDL/TP_05/TP_05.srcs/sources_1/bd/design_1/ip/design_1_Bascule_0_0/src/zedboard_master_XDC_RevC_D_v3.xdc:182]
CRITICAL WARNING: [Common 17-55] 'set_property' expects at least one object. [c:/Users/alois/Documents/Perso/M2_SE/VHDL/TP_05/TP_05.srcs/sources_1/bd/design_1/ip/design_1_Bascule_0_0/src/zedboard_master_XDC_RevC_D_v3.xdc:182]
Resolution: If [get_<value>] was used to populate the object, check to make sure this command returns at least one valid object.
WARNING: [Vivado 12-584] No ports matched 'VGA_B1'. [c:/Users/alois/Documents/Perso/M2_SE/VHDL/TP_05/TP_05.srcs/sources_1/bd/design_1/ip/design_1_Bascule_0_0/src/zedboard_master_XDC_RevC_D_v3.xdc:187]
CRITICAL WARNING: [Common 17-55] 'set_property' expects at least one object. [c:/Users/alois/Documents/Perso/M2_SE/VHDL/TP_05/TP_05.srcs/sources_1/bd/design_1/ip/design_1_Bascule_0_0/src/zedboard_master_XDC_RevC_D_v3.xdc:187]
Resolution: If [get_<value>] was used to populate the object, check to make sure this command returns at least one valid object.
WARNING: [Vivado 12-584] No ports matched 'VGA_B2'. [c:/Users/alois/Documents/Perso/M2_SE/VHDL/TP_05/TP_05.srcs/sources_1/bd/design_1/ip/design_1_Bascule_0_0/src/zedboard_master_XDC_RevC_D_v3.xdc:188]
CRITICAL WARNING: [Common 17-55] 'set_property' expects at least one object. [c:/Users/alois/Documents/Perso/M2_SE/VHDL/TP_05/TP_05.srcs/sources_1/bd/design_1/ip/design_1_Bascule_0_0/src/zedboard_master_XDC_RevC_D_v3.xdc:188]
Resolution: If [get_<value>] was used to populate the object, check to make sure this command returns at least one valid object.
WARNING: [Vivado 12-584] No ports matched 'VGA_B3'. [c:/Users/alois/Documents/Perso/M2_SE/VHDL/TP_05/TP_05.srcs/sources_1/bd/design_1/ip/design_1_Bascule_0_0/src/zedboard_master_XDC_RevC_D_v3.xdc:189]
CRITICAL WARNING: [Common 17-55] 'set_property' expects at least one object. [c:/Users/alois/Documents/Perso/M2_SE/VHDL/TP_05/TP_05.srcs/sources_1/bd/design_1/ip/design_1_Bascule_0_0/src/zedboard_master_XDC_RevC_D_v3.xdc:189]
Resolution: If [get_<value>] was used to populate the object, check to make sure this command returns at least one valid object.
WARNING: [Vivado 12-584] No ports matched 'VGA_B4'. [c:/Users/alois/Documents/Perso/M2_SE/VHDL/TP_05/TP_05.srcs/sources_1/bd/design_1/ip/design_1_Bascule_0_0/src/zedboard_master_XDC_RevC_D_v3.xdc:190]
CRITICAL WARNING: [Common 17-55] 'set_property' expects at least one object. [c:/Users/alois/Documents/Perso/M2_SE/VHDL/TP_05/TP_05.srcs/sources_1/bd/design_1/ip/design_1_Bascule_0_0/src/zedboard_master_XDC_RevC_D_v3.xdc:190]
Resolution: If [get_<value>] was used to populate the object, check to make sure this command returns at least one valid object.
WARNING: [Vivado 12-584] No ports matched 'VGA_G1'. [c:/Users/alois/Documents/Perso/M2_SE/VHDL/TP_05/TP_05.srcs/sources_1/bd/design_1/ip/design_1_Bascule_0_0/src/zedboard_master_XDC_RevC_D_v3.xdc:191]
CRITICAL WARNING: [Common 17-55] 'set_property' expects at least one object. [c:/Users/alois/Documents/Perso/M2_SE/VHDL/TP_05/TP_05.srcs/sources_1/bd/design_1/ip/design_1_Bascule_0_0/src/zedboard_master_XDC_RevC_D_v3.xdc:191]
Resolution: If [get_<value>] was used to populate the object, check to make sure this command returns at least one valid object.
WARNING: [Vivado 12-584] No ports matched 'VGA_G2'. [c:/Users/alois/Documents/Perso/M2_SE/VHDL/TP_05/TP_05.srcs/sources_1/bd/design_1/ip/design_1_Bascule_0_0/src/zedboard_master_XDC_RevC_D_v3.xdc:192]
CRITICAL WARNING: [Common 17-55] 'set_property' expects at least one object. [c:/Users/alois/Documents/Perso/M2_SE/VHDL/TP_05/TP_05.srcs/sources_1/bd/design_1/ip/design_1_Bascule_0_0/src/zedboard_master_XDC_RevC_D_v3.xdc:192]
Resolution: If [get_<value>] was used to populate the object, check to make sure this command returns at least one valid object.
WARNING: [Vivado 12-584] No ports matched 'VGA_G3'. [c:/Users/alois/Documents/Perso/M2_SE/VHDL/TP_05/TP_05.srcs/sources_1/bd/design_1/ip/design_1_Bascule_0_0/src/zedboard_master_XDC_RevC_D_v3.xdc:193]
CRITICAL WARNING: [Common 17-55] 'set_property' expects at least one object. [c:/Users/alois/Documents/Perso/M2_SE/VHDL/TP_05/TP_05.srcs/sources_1/bd/design_1/ip/design_1_Bascule_0_0/src/zedboard_master_XDC_RevC_D_v3.xdc:193]
Resolution: If [get_<value>] was used to populate the object, check to make sure this command returns at least one valid object.
WARNING: [Vivado 12-584] No ports matched 'VGA_G4'. [c:/Users/alois/Documents/Perso/M2_SE/VHDL/TP_05/TP_05.srcs/sources_1/bd/design_1/ip/design_1_Bascule_0_0/src/zedboard_master_XDC_RevC_D_v3.xdc:194]
CRITICAL WARNING: [Common 17-55] 'set_property' expects at least one object. [c:/Users/alois/Documents/Perso/M2_SE/VHDL/TP_05/TP_05.srcs/sources_1/bd/design_1/ip/design_1_Bascule_0_0/src/zedboard_master_XDC_RevC_D_v3.xdc:194]
Resolution: If [get_<value>] was used to populate the object, check to make sure this command returns at least one valid object.
WARNING: [Vivado 12-584] No ports matched 'VGA_HS'. [c:/Users/alois/Documents/Perso/M2_SE/VHDL/TP_05/TP_05.srcs/sources_1/bd/design_1/ip/design_1_Bascule_0_0/src/zedboard_master_XDC_RevC_D_v3.xdc:195]
CRITICAL WARNING: [Common 17-55] 'set_property' expects at least one object. [c:/Users/alois/Documents/Perso/M2_SE/VHDL/TP_05/TP_05.srcs/sources_1/bd/design_1/ip/design_1_Bascule_0_0/src/zedboard_master_XDC_RevC_D_v3.xdc:195]
Resolution: If [get_<value>] was used to populate the object, check to make sure this command returns at least one valid object.
WARNING: [Vivado 12-584] No ports matched 'VGA_R1'. [c:/Users/alois/Documents/Perso/M2_SE/VHDL/TP_05/TP_05.srcs/sources_1/bd/design_1/ip/design_1_Bascule_0_0/src/zedboard_master_XDC_RevC_D_v3.xdc:196]
CRITICAL WARNING: [Common 17-55] 'set_property' expects at least one object. [c:/Users/alois/Documents/Perso/M2_SE/VHDL/TP_05/TP_05.srcs/sources_1/bd/design_1/ip/design_1_Bascule_0_0/src/zedboard_master_XDC_RevC_D_v3.xdc:196]
Resolution: If [get_<value>] was used to populate the object, check to make sure this command returns at least one valid object.
WARNING: [Vivado 12-584] No ports matched 'VGA_R2'. [c:/Users/alois/Documents/Perso/M2_SE/VHDL/TP_05/TP_05.srcs/sources_1/bd/design_1/ip/design_1_Bascule_0_0/src/zedboard_master_XDC_RevC_D_v3.xdc:197]
CRITICAL WARNING: [Common 17-55] 'set_property' expects at least one object. [c:/Users/alois/Documents/Perso/M2_SE/VHDL/TP_05/TP_05.srcs/sources_1/bd/design_1/ip/design_1_Bascule_0_0/src/zedboard_master_XDC_RevC_D_v3.xdc:197]
Resolution: If [get_<value>] was used to populate the object, check to make sure this command returns at least one valid object.
WARNING: [Vivado 12-584] No ports matched 'VGA_R3'. [c:/Users/alois/Documents/Perso/M2_SE/VHDL/TP_05/TP_05.srcs/sources_1/bd/design_1/ip/design_1_Bascule_0_0/src/zedboard_master_XDC_RevC_D_v3.xdc:198]
CRITICAL WARNING: [Common 17-55] 'set_property' expects at least one object. [c:/Users/alois/Documents/Perso/M2_SE/VHDL/TP_05/TP_05.srcs/sources_1/bd/design_1/ip/design_1_Bascule_0_0/src/zedboard_master_XDC_RevC_D_v3.xdc:198]
Resolution: If [get_<value>] was used to populate the object, check to make sure this command returns at least one valid object.
WARNING: [Vivado 12-584] No ports matched 'VGA_R4'. [c:/Users/alois/Documents/Perso/M2_SE/VHDL/TP_05/TP_05.srcs/sources_1/bd/design_1/ip/design_1_Bascule_0_0/src/zedboard_master_XDC_RevC_D_v3.xdc:199]
CRITICAL WARNING: [Common 17-55] 'set_property' expects at least one object. [c:/Users/alois/Documents/Perso/M2_SE/VHDL/TP_05/TP_05.srcs/sources_1/bd/design_1/ip/design_1_Bascule_0_0/src/zedboard_master_XDC_RevC_D_v3.xdc:199]
Resolution: If [get_<value>] was used to populate the object, check to make sure this command returns at least one valid object.
WARNING: [Vivado 12-584] No ports matched 'VGA_VS'. [c:/Users/alois/Documents/Perso/M2_SE/VHDL/TP_05/TP_05.srcs/sources_1/bd/design_1/ip/design_1_Bascule_0_0/src/zedboard_master_XDC_RevC_D_v3.xdc:200]
INFO: [Common 17-14] Message 'Vivado 12-584' appears 100 times and further instances of the messages will be disabled. Use the Tcl command set_msg_config to change the current settings. [c:/Users/alois/Documents/Perso/M2_SE/VHDL/TP_05/TP_05.srcs/sources_1/bd/design_1/ip/design_1_Bascule_0_0/src/zedboard_master_XDC_RevC_D_v3.xdc:200]
CRITICAL WARNING: [Common 17-55] 'set_property' expects at least one object. [c:/Users/alois/Documents/Perso/M2_SE/VHDL/TP_05/TP_05.srcs/sources_1/bd/design_1/ip/design_1_Bascule_0_0/src/zedboard_master_XDC_RevC_D_v3.xdc:200]
Resolution: If [get_<value>] was used to populate the object, check to make sure this command returns at least one valid object.
Finished Parsing XDC File [c:/Users/alois/Documents/Perso/M2_SE/VHDL/TP_05/TP_05.srcs/sources_1/bd/design_1/ip/design_1_Bascule_0_0/src/zedboard_master_XDC_RevC_D_v3.xdc] for cell 'U0'
INFO: [Project 1-236] Implementation specific constraints were found while reading constraint file [c:/Users/alois/Documents/Perso/M2_SE/VHDL/TP_05/TP_05.srcs/sources_1/bd/design_1/ip/design_1_Bascule_0_0/src/zedboard_master_XDC_RevC_D_v3.xdc]. These constraints will be ignored for synthesis but will be used in implementation. Impacted constraints are listed in the file [.Xil/design_1_Bascule_0_0_propImpl.xdc].
Resolution: To avoid this warning, move constraints listed in [.Xil/design_1_Bascule_0_0_propImpl.xdc] to another XDC file and exclude this new file from synthesis with the used_in_synthesis property (File Properties dialog in GUI) and re-run elaboration/synthesis.
Parsing XDC File [C:/Users/alois/Documents/Perso/M2_SE/VHDL/TP_05/TP_05.runs/design_1_Bascule_0_0_synth_1/dont_touch.xdc]
Finished Parsing XDC File [C:/Users/alois/Documents/Perso/M2_SE/VHDL/TP_05/TP_05.runs/design_1_Bascule_0_0_synth_1/dont_touch.xdc]
Completed Processing XDC Constraints

INFO: [Project 1-111] Unisim Transformation Summary:
No Unisim elements were transformed.

Constraint Validation Runtime : Time (s): cpu = 00:00:00 ; elapsed = 00:00:00.021 . Memory (MB): peak = 817.125 ; gain = 0.055
---------------------------------------------------------------------------------
Finished Constraint Validation : Time (s): cpu = 00:00:14 ; elapsed = 00:00:17 . Memory (MB): peak = 817.125 ; gain = 458.500
---------------------------------------------------------------------------------
---------------------------------------------------------------------------------
Start Loading Part and Timing Information
---------------------------------------------------------------------------------
Loading part: xc7z020clg484-1
---------------------------------------------------------------------------------
Finished Loading Part and Timing Information : Time (s): cpu = 00:00:14 ; elapsed = 00:00:17 . Memory (MB): peak = 817.125 ; gain = 458.500
---------------------------------------------------------------------------------
---------------------------------------------------------------------------------
Start Applying 'set_property' XDC Constraints
---------------------------------------------------------------------------------
Applied set_property DONT_TOUCH = true for U0. (constraint file  C:/Users/alois/Documents/Perso/M2_SE/VHDL/TP_05/TP_05.runs/design_1_Bascule_0_0_synth_1/dont_touch.xdc, line 9).
---------------------------------------------------------------------------------
Finished applying 'set_property' XDC Constraints : Time (s): cpu = 00:00:14 ; elapsed = 00:00:17 . Memory (MB): peak = 817.125 ; gain = 458.500
---------------------------------------------------------------------------------
---------------------------------------------------------------------------------
Finished RTL Optimization Phase 2 : Time (s): cpu = 00:00:14 ; elapsed = 00:00:17 . Memory (MB): peak = 817.125 ; gain = 458.500
---------------------------------------------------------------------------------

Report RTL Partitions: 
+-+--------------+------------+----------+
| |RTL Partition |Replication |Instances |
+-+--------------+------------+----------+
+-+--------------+------------+----------+
---------------------------------------------------------------------------------
Start RTL Component Statistics 
---------------------------------------------------------------------------------
Detailed RTL Component Info : 
+---Adders : 
	   2 Input      4 Bit       Adders := 1     
+---Registers : 
	                4 Bit    Registers := 1     
+---Muxes : 
	   2 Input      4 Bit        Muxes := 1     
	   2 Input      2 Bit        Muxes := 1     
---------------------------------------------------------------------------------
Finished RTL Component Statistics 
---------------------------------------------------------------------------------
---------------------------------------------------------------------------------
Start RTL Hierarchical Component Statistics 
---------------------------------------------------------------------------------
Hierarchical RTL Component report 
Module Bascule 
Detailed RTL Component Info : 
+---Adders : 
	   2 Input      4 Bit       Adders := 1     
+---Registers : 
	                4 Bit    Registers := 1     
+---Muxes : 
	   2 Input      4 Bit        Muxes := 1     
	   2 Input      2 Bit        Muxes := 1     
---------------------------------------------------------------------------------
Finished RTL Hierarchical Component Statistics
---------------------------------------------------------------------------------
---------------------------------------------------------------------------------
Start Part Resource Summary
---------------------------------------------------------------------------------
Part Resources:
DSPs: 220 (col length:60)
BRAMs: 280 (col length: RAMB18 60 RAMB36 30)
---------------------------------------------------------------------------------
Finished Part Resource Summary
---------------------------------------------------------------------------------
---------------------------------------------------------------------------------
Start Cross Boundary and Area Optimization
---------------------------------------------------------------------------------
Warning: Parallel synthesis criteria is not met 
---------------------------------------------------------------------------------
Finished Cross Boundary and Area Optimization : Time (s): cpu = 00:00:15 ; elapsed = 00:00:18 . Memory (MB): peak = 817.125 ; gain = 458.500
---------------------------------------------------------------------------------

Report RTL Partitions: 
+-+--------------+------------+----------+
| |RTL Partition |Replication |Instances |
+-+--------------+------------+----------+
+-+--------------+------------+----------+
---------------------------------------------------------------------------------
Start Applying XDC Timing Constraints
---------------------------------------------------------------------------------
---------------------------------------------------------------------------------
Finished Applying XDC Timing Constraints : Time (s): cpu = 00:00:24 ; elapsed = 00:00:28 . Memory (MB): peak = 857.387 ; gain = 498.762
---------------------------------------------------------------------------------
---------------------------------------------------------------------------------
Start Timing Optimization
---------------------------------------------------------------------------------
---------------------------------------------------------------------------------
Finished Timing Optimization : Time (s): cpu = 00:00:24 ; elapsed = 00:00:28 . Memory (MB): peak = 857.387 ; gain = 498.762
---------------------------------------------------------------------------------

Report RTL Partitions: 
+-+--------------+------------+----------+
| |RTL Partition |Replication |Instances |
+-+--------------+------------+----------+
+-+--------------+------------+----------+
---------------------------------------------------------------------------------
Start Technology Mapping
---------------------------------------------------------------------------------
---------------------------------------------------------------------------------
Finished Technology Mapping : Time (s): cpu = 00:00:24 ; elapsed = 00:00:28 . Memory (MB): peak = 866.988 ; gain = 508.363
---------------------------------------------------------------------------------

Report RTL Partitions: 
+-+--------------+------------+----------+
| |RTL Partition |Replication |Instances |
+-+--------------+------------+----------+
+-+--------------+------------+----------+
---------------------------------------------------------------------------------
Start IO Insertion
---------------------------------------------------------------------------------
---------------------------------------------------------------------------------
Start Flattening Before IO Insertion
---------------------------------------------------------------------------------
---------------------------------------------------------------------------------
Finished Flattening Before IO Insertion
---------------------------------------------------------------------------------
---------------------------------------------------------------------------------
Start Final Netlist Cleanup
---------------------------------------------------------------------------------
---------------------------------------------------------------------------------
Finished Final Netlist Cleanup
---------------------------------------------------------------------------------
---------------------------------------------------------------------------------
Finished IO Insertion : Time (s): cpu = 00:00:25 ; elapsed = 00:00:30 . Memory (MB): peak = 866.988 ; gain = 508.363
---------------------------------------------------------------------------------

Report Check Netlist: 
+------+------------------+-------+---------+-------+------------------+
|      |Item              |Errors |Warnings |Status |Description       |
+------+------------------+-------+---------+-------+------------------+
|1     |multi_driven_nets |      0|        0|Passed |Multi driven nets |
+------+------------------+-------+---------+-------+------------------+
---------------------------------------------------------------------------------
Start Renaming Generated Instances
---------------------------------------------------------------------------------
---------------------------------------------------------------------------------
Finished Renaming Generated Instances : Time (s): cpu = 00:00:25 ; elapsed = 00:00:30 . Memory (MB): peak = 866.988 ; gain = 508.363
---------------------------------------------------------------------------------

Report RTL Partitions: 
+-+--------------+------------+----------+
| |RTL Partition |Replication |Instances |
+-+--------------+------------+----------+
+-+--------------+------------+----------+
---------------------------------------------------------------------------------
Start Rebuilding User Hierarchy
---------------------------------------------------------------------------------
---------------------------------------------------------------------------------
Finished Rebuilding User Hierarchy : Time (s): cpu = 00:00:25 ; elapsed = 00:00:30 . Memory (MB): peak = 866.988 ; gain = 508.363
---------------------------------------------------------------------------------
---------------------------------------------------------------------------------
Start Renaming Generated Ports
---------------------------------------------------------------------------------
---------------------------------------------------------------------------------
Finished Renaming Generated Ports : Time (s): cpu = 00:00:25 ; elapsed = 00:00:30 . Memory (MB): peak = 866.988 ; gain = 508.363
---------------------------------------------------------------------------------
---------------------------------------------------------------------------------
Start Handling Custom Attributes
---------------------------------------------------------------------------------
---------------------------------------------------------------------------------
Finished Handling Custom Attributes : Time (s): cpu = 00:00:25 ; elapsed = 00:00:30 . Memory (MB): peak = 866.988 ; gain = 508.363
---------------------------------------------------------------------------------
---------------------------------------------------------------------------------
Start Renaming Generated Nets
---------------------------------------------------------------------------------
---------------------------------------------------------------------------------
Finished Renaming Generated Nets : Time (s): cpu = 00:00:25 ; elapsed = 00:00:30 . Memory (MB): peak = 866.988 ; gain = 508.363
---------------------------------------------------------------------------------
---------------------------------------------------------------------------------
Start Writing Synthesis Report
---------------------------------------------------------------------------------

Report BlackBoxes: 
+-+--------------+----------+
| |BlackBox name |Instances |
+-+--------------+----------+
+-+--------------+----------+

Report Cell Usage: 
+------+-----+------+
|      |Cell |Count |
+------+-----+------+
|1     |LUT3 |     2|
|2     |LUT5 |     1|
|3     |LUT6 |     2|
|4     |FDCE |     4|
+------+-----+------+

Report Instance Areas: 
+------+---------+--------+------+
|      |Instance |Module  |Cells |
+------+---------+--------+------+
|1     |top      |        |     9|
|2     |  U0     |Bascule |     9|
+------+---------+--------+------+
---------------------------------------------------------------------------------
Finished Writing Synthesis Report : Time (s): cpu = 00:00:25 ; elapsed = 00:00:30 . Memory (MB): peak = 866.988 ; gain = 508.363
---------------------------------------------------------------------------------
Synthesis finished with 0 errors, 0 critical warnings and 0 warnings.
Synthesis Optimization Runtime : Time (s): cpu = 00:00:14 ; elapsed = 00:00:20 . Memory (MB): peak = 866.988 ; gain = 195.398
Synthesis Optimization Complete : Time (s): cpu = 00:00:25 ; elapsed = 00:00:30 . Memory (MB): peak = 866.988 ; gain = 508.363
INFO: [Project 1-571] Translating synthesized netlist
INFO: [Project 1-570] Preparing netlist for logic optimization
INFO: [Opt 31-138] Pushed 0 inverter(s) to 0 load pin(s).
INFO: [Project 1-111] Unisim Transformation Summary:
No Unisim elements were transformed.

INFO: [Common 17-83] Releasing license: Synthesis
17 Infos, 100 Warnings, 96 Critical Warnings and 0 Errors encountered.
synth_design completed successfully
synth_design: Time (s): cpu = 00:00:26 ; elapsed = 00:00:32 . Memory (MB): peak = 883.473 ; gain = 536.316
WARNING: [Constraints 18-5210] No constraint will be written out.
INFO: [Common 17-1381] The checkpoint 'C:/Users/alois/Documents/Perso/M2_SE/VHDL/TP_05/TP_05.runs/design_1_Bascule_0_0_synth_1/design_1_Bascule_0_0.dcp' has been generated.
INFO: [Coretcl 2-1482] Added synthesis output to IP cache for IP c:/Users/alois/Documents/Perso/M2_SE/VHDL/TP_05/TP_05.srcs/sources_1/bd/design_1/ip/design_1_Bascule_0_0/design_1_Bascule_0_0.xci
WARNING: [Constraints 18-5210] No constraint will be written out.
INFO: [Common 17-1381] The checkpoint 'C:/Users/alois/Documents/Perso/M2_SE/VHDL/TP_05/TP_05.runs/design_1_Bascule_0_0_synth_1/design_1_Bascule_0_0.dcp' has been generated.
INFO: [runtcl-4] Executing : report_utilization -file design_1_Bascule_0_0_utilization_synth.rpt -pb design_1_Bascule_0_0_utilization_synth.pb
report_utilization: Time (s): cpu = 00:00:00 ; elapsed = 00:00:00.046 . Memory (MB): peak = 883.473 ; gain = 0.000
INFO: [Common 17-206] Exiting Vivado at Thu Dec  6 18:08:00 2018...
