#
# A fatal error has been detected by the Java Runtime Environment:
#
#  EXCEPTION_ACCESS_VIOLATION (0xc0000005) at pc=0x00007ffcf051abc2, pid=15328, tid=0x0000000000003ff8
#
# JRE version: Java(TM) SE Runtime Environment (8.0_112-b15) (build 1.8.0_112-b15)
# Java VM: Java HotSpot(TM) 64-Bit Server VM (25.112-b15 mixed mode windows-amd64 compressed oops)
# Problematic frame:
# C  [librdi_filemgmt.dll+0x1fabc2]
#
# Failed to write core dump. Minidumps are not enabled by default on client versions of Windows
#
# If you would like to submit a bug report, please visit:
#   http://bugreport.java.com/bugreport/crash.jsp
# The crash happened outside the Java Virtual Machine in native code.
# See problematic frame for where to report the bug.
#

---------------  T H R E A D  ---------------

Current thread (0x00000163b8355000):  JavaThread "AWT-EventQueue-1" [_thread_in_native, id=16376, stack(0x0000002da7400000,0x0000002da7900000)]

siginfo: ExceptionCode=0xc0000005, reading address 0xffffffffffffffff

Registers:
RAX=0x0037786574726900, RBX=0x00000163d1e56128, RCX=0x00000164217241b0, RDX=0x0000000000000000
RSP=0x0000002da78fc690, RBP=0x0000000000000001, RSI=0x00000163d46e3290, RDI=0x00000163d46e3290
R8 =0x000001639f429c80, R9 =0xffffffffffffffff, R10=0x00000163f1aa6c78, R11=0x0000002da78fc6b0
R12=0x0000000000000003, R13=0x00000163c7c6c450, R14=0x0000002da78fc770, R15=0x0000002da78fc768
RIP=0x00007ffcf051abc2, EFLAGS=0x0000000000010202

Top of Stack: (sp=0x0000002da78fc690)
0x0000002da78fc690:   0000002da78fc768 0000002da78fc770
0x0000002da78fc6a0:   00006ee2e7aa2ca8 0000000000000000
0x0000002da78fc6b0:   000001641d97e348 00007ffcf04813a5
0x0000002da78fc6c0:   00000163d1e56128 00000163d1e56120
0x0000002da78fc6d0:   0000000000000000 00000163c764cbc0
0x0000002da78fc6e0:   fffffffffffffffe 00000007be0c03f0
0x0000002da78fc6f0:   00000163b8355000 0000002da78fc8c0
0x0000002da78fc700:   0000000000000000 0000000000000118
0x0000002da78fc710:   00000007be0c2470 00007ffcf04a42ba
0x0000002da78fc720:   000001641d97e348 000001641e1b95b0
0x0000002da78fc730:   0000002da78fc898 00007ffcd6f92764
0x0000002da78fc740:   fffffffffffffffe 00000007be0c17e0
0x0000002da78fc750:   00000163c7c6c450 00007ffcf0530fff
0x0000002da78fc760:   00000163b83551f8 ffffffff00000009
0x0000002da78fc770:   0000000000000001 000001641e1b95b0
0x0000002da78fc780:   00000163b83551f8 fffffffffffffffe 

Instructions: (pc=0x00007ffcf051abc2)
0x00007ffcf051aba2:   48 83 ec 20 48 8b f9 48 8b 49 58 48 85 c9 75 08
0x00007ffcf051abb2:   32 c0 48 83 c4 20 5f c3 48 8b 01 48 89 5c 24 30
0x00007ffcf051abc2:   ff 90 50 01 00 00 48 8b d8 48 85 c0 74 44 48 8b
0x00007ffcf051abd2:   c8 e8 18 05 e6 ff 84 c0 74 38 33 d2 48 8b cb e8 


Register to memory mapping:

RAX=0x0037786574726900 is an unknown value
RBX=0x00000163d1e56128 is an unknown value
RCX=0x00000164217241b0 is an unknown value
RDX=0x0000000000000000 is an unknown value
RSP=0x0000002da78fc690 is pointing into the stack for thread: 0x00000163b8355000
RBP=0x0000000000000001 is an unknown value
RSI=0x00000163d46e3290 is an unknown value
RDI=0x00000163d46e3290 is an unknown value
R8 =0x000001639f429c80 is an unknown value
R9 =0xffffffffffffffff is an unknown value
R10=0x00000163f1aa6c78 is an unknown value
R11=0x0000002da78fc6b0 is pointing into the stack for thread: 0x00000163b8355000
R12=0x0000000000000003 is an unknown value
R13={method} {0x00000163c7c6c458} 'DesignGraphMgr_getToggleGraphHiddenCount' '(J)I' in 'ui/data/designgraph/designgraphi'
R14=0x0000002da78fc770 is pointing into the stack for thread: 0x00000163b8355000
R15=0x0000002da78fc768 is pointing into the stack for thread: 0x00000163b8355000


Stack: [0x0000002da7400000,0x0000002da7900000],  sp=0x0000002da78fc690,  free space=5105k
Native frames: (J=compiled Java code, j=interpreted, Vv=VM code, C=native code)
C  [librdi_filemgmt.dll+0x1fabc2]
C  [librdi_filemgmt.dll+0x1613a5]
C  [librdi_filemgmt.dll+0x1842ba]
C  [librdi_filemgmt.dll+0x210fff]
C  0x000001639f65925b

Java frames: (J=compiled Java code, j=interpreted, Vv=VM code)
j  ui.data.designgraph.designgraphi.DesignGraphMgr_getToggleGraphHiddenCount(J)I+0
j  ui.data.design.f.aeX()I+4
j  ui.d.bH.egg()Lui/d/aa;+41
j  ui.d.bH.dYt()V+825
J 21511 C1 ui.d.bx.init()V (42 bytes) @ 0x00000163a1720b8c [0x00000163a1720740+0x44c]
J 19409 C1 ui.d.bx.<init>(Lui/views/cj;Ljava/util/Collection;)V (22 bytes) @ 0x00000163a0e93294 [0x00000163a0e931c0+0xd4]
j  ui.d.bH.<init>(Lui/views/cj;Ljava/util/Collection;)V+3
j  ui.views.p.g.b(Ljavax/swing/JPopupMenu;)V+95
j  ui.views.p.g.a(Ljava/awt/event/MouseEvent;Lui/utils/o/x/i;)V+22
j  ui.views.p.g.a(Lui/views/p/g;Ljava/awt/event/MouseEvent;Lui/utils/o/x/i;)V+3
j  ui.views.p.E.mousePressed(Ljava/awt/event/MouseEvent;)V+40
J 19988 C1 java.awt.AWTEventMulticaster.mousePressed(Ljava/awt/event/MouseEvent;)V (27 bytes) @ 0x00000163a2f408f4 [0x00000163a2f40520+0x3d4]
J 19988 C1 java.awt.AWTEventMulticaster.mousePressed(Ljava/awt/event/MouseEvent;)V (27 bytes) @ 0x00000163a2f4073c [0x00000163a2f40520+0x21c]
J 11199 C1 java.awt.Component.processMouseEvent(Ljava/awt/event/MouseEvent;)V (100 bytes) @ 0x00000163a13fbcc4 [0x00000163a13fb860+0x464]
J 25104 C1 ui.utils.o.x.i.processMouseEvent(Ljava/awt/event/MouseEvent;)V (236 bytes) @ 0x00000163a09c9164 [0x00000163a09c6c60+0x2504]
J 25797 C1 ui.views.p.B.processMouseEvent(Ljava/awt/event/MouseEvent;)V (83 bytes) @ 0x00000163a1423734 [0x00000163a1422860+0xed4]
J 24601 C2 java.awt.Component.processEvent(Ljava/awt/AWTEvent;)V (220 bytes) @ 0x00000163a3d561f8 [0x00000163a3d560e0+0x118]
J 27125 C2 ui.utils.o.x.i.processEvent(Ljava/awt/AWTEvent;)V (71 bytes) @ 0x00000163a447e578 [0x00000163a447e4c0+0xb8]
J 25809 C2 java.awt.Component.dispatchEventImpl(Ljava/awt/AWTEvent;)V (883 bytes) @ 0x00000163a40ba45c [0x00000163a40b9b40+0x91c]
J 11522 C2 java.awt.Container.dispatchEventImpl(Ljava/awt/AWTEvent;)V (129 bytes) @ 0x00000163a17515d8 [0x00000163a1751580+0x58]
J 11525 C2 java.awt.LightweightDispatcher.retargetMouseEvent(Ljava/awt/Component;ILjava/awt/event/MouseEvent;)V (350 bytes) @ 0x00000163a174f954 [0x00000163a174f4e0+0x474]
J 15376 C2 java.awt.LightweightDispatcher.processMouseEvent(Ljava/awt/event/MouseEvent;)Z (286 bytes) @ 0x00000163a23516f8 [0x00000163a2351240+0x4b8]
J 15055 C2 java.awt.Window.dispatchEventImpl(Ljava/awt/AWTEvent;)V (23 bytes) @ 0x00000163a21fb7ac [0x00000163a21fb4a0+0x30c]
J 11034 C2 java.awt.EventQueue$3.run()Ljava/lang/Object; (5 bytes) @ 0x00000163a0f3e01c [0x00000163a0f3dc40+0x3dc]
v  ~StubRoutines::call_stub
J 2417  java.security.AccessController.doPrivileged(Ljava/security/PrivilegedAction;Ljava/security/AccessControlContext;)Ljava/lang/Object; (0 bytes) @ 0x000001639fe2b4e6 [0x000001639fe2b480+0x66]
J 14342 C2 java.awt.EventQueue$4.run()Ljava/lang/Object; (5 bytes) @ 0x00000163a0d31828 [0x00000163a0d316a0+0x188]
v  ~StubRoutines::call_stub
J 2417  java.security.AccessController.doPrivileged(Ljava/security/PrivilegedAction;Ljava/security/AccessControlContext;)Ljava/lang/Object; (0 bytes) @ 0x000001639fe2b4e6 [0x000001639fe2b480+0x66]
J 15399 C2 ui.frmwork.b.d.dispatchEvent(Ljava/awt/AWTEvent;)V (45 bytes) @ 0x00000163a2382778 [0x00000163a23824c0+0x2b8]
J 24173 C2 java.awt.EventDispatchThread.pumpOneEventForFilters(I)V (295 bytes) @ 0x00000163a10dc99c [0x00000163a10dc5a0+0x3fc]
J 21395% C2 java.awt.EventDispatchThread.pumpEventsForFilter(ILjava/awt/Conditional;Ljava/awt/EventFilter;)V (47 bytes) @ 0x00000163a2e05240 [0x00000163a2e05120+0x120]
j  java.awt.EventDispatchThread.pumpEventsForHierarchy(ILjava/awt/Conditional;Ljava/awt/Component;)V+11
j  java.awt.EventDispatchThread.pumpEvents(ILjava/awt/Conditional;)V+4
j  java.awt.EventDispatchThread.pumpEvents(Ljava/awt/Conditional;)V+3
j  java.awt.EventDispatchThread.run()V+9
v  ~StubRoutines::call_stub

---------------  P R O C E S S  ---------------

Java Threads: ( => current thread )
  0x00000163bc10a000 JavaThread "Thread-636" [_thread_in_native, id=17248, stack(0x0000002daa100000,0x0000002daa200000)]
  0x00000163bc108000 JavaThread "Thread-609" [_thread_in_native, id=15076, stack(0x0000002da9f00000,0x0000002daa000000)]
  0x00000163bc107000 JavaThread "Thread-586" [_thread_in_native, id=10764, stack(0x0000002daa200000,0x0000002daa300000)]
  0x00000163bc101000 JavaThread "Image Animator 0" daemon [_thread_blocked, id=18640, stack(0x0000002dae300000,0x0000002dae800000)]
  0x00000163be788000 JavaThread "Thread-432" [_thread_in_native, id=5820, stack(0x0000002daa300000,0x0000002daa400000)]
  0x00000163beacf000 JavaThread "Thread-411" [_thread_in_native, id=9548, stack(0x0000002daa000000,0x0000002daa100000)]
  0x00000163beace800 JavaThread "Thread-402" [_thread_in_native, id=14392, stack(0x0000002da1400000,0x0000002da1500000)]
  0x00000163bead5000 JavaThread "Thread-246" [_thread_in_native, id=5692, stack(0x0000002daa900000,0x0000002daaa00000)]
  0x00000163beacd000 JavaThread "Thread-240" [_thread_in_native, id=18588, stack(0x0000002da8a00000,0x0000002da8b00000)]
  0x00000163beacc000 JavaThread "Swing-Shell" daemon [_thread_blocked, id=5128, stack(0x0000002dac900000,0x0000002dace00000)]
  0x00000163bead3800 JavaThread "Thread-106" [_thread_in_native, id=5652, stack(0x0000002daab00000,0x0000002daac00000)]
  0x00000163bead1800 JavaThread "Thread-64" [_thread_in_native, id=7268, stack(0x0000002daaa00000,0x0000002daab00000)]
  0x00000163be78e000 JavaThread "SyntheticaAnimation 50" daemon [_thread_blocked, id=12596, stack(0x0000002da9000000,0x0000002da9500000)]
  0x00000163be78b800 JavaThread "Thread-24" [_thread_in_native, id=4804, stack(0x0000002daaf00000,0x0000002dab000000)]
  0x00000163be78b000 JavaThread "Thread-23" [_thread_in_native, id=116, stack(0x0000002daae00000,0x0000002daaf00000)]
  0x00000163ba2c3000 JavaThread "hw_ila_monitor" [_thread_blocked, id=1688, stack(0x0000002da9a00000,0x0000002da9f00000)]
  0x00000163ba2c1800 JavaThread "Update Runs Swing Worker" [_thread_blocked, id=18264, stack(0x0000002da9500000,0x0000002da9a00000)]
  0x00000163ba2c0800 JavaThread "Refresh Filesets Swing Worker" [_thread_blocked, id=17536, stack(0x0000002da6500000,0x0000002da6a00000)]
  0x00000163ba2c7800 JavaThread "SyntheticaAnimation 70" daemon [_thread_blocked, id=16560, stack(0x0000002da8300000,0x0000002da8800000)]
  0x00000163ba2c5800 JavaThread "SyntheticaAnimation 25" daemon [_thread_blocked, id=10504, stack(0x0000002da7900000,0x0000002da7e00000)]
  0x00000163ba2c4000 JavaThread "SyntheticaAnimation 50" daemon [_thread_blocked, id=4916, stack(0x0000002da8b00000,0x0000002da9000000)]
  0x00000163ba2c4800 JavaThread "SyntheticaCleanerThread" daemon [_thread_blocked, id=18764, stack(0x0000002da7e00000,0x0000002da8300000)]
  0x00000163b9a39000 JavaThread "Batik CleanerThread" daemon [_thread_blocked, id=11380, stack(0x0000002da6a00000,0x0000002da6f00000)]
=>0x00000163b8355000 JavaThread "AWT-EventQueue-1" [_thread_in_native, id=16376, stack(0x0000002da7400000,0x0000002da7900000)]
  0x00000163b8351800 JavaThread "Process Messages" [_thread_blocked, id=15016, stack(0x0000002da6f00000,0x0000002da7400000)]
  0x00000163b832b800 JavaThread "Thread-3" [_thread_in_native, id=15568, stack(0x0000002da1700000,0x0000002da2b00000)]
  0x00000163b81b3800 JavaThread "AWT-Windows" daemon [_thread_in_native, id=14252, stack(0x0000002da6000000,0x0000002da6500000)]
  0x00000163b81b3000 JavaThread "AWT-Shutdown" [_thread_blocked, id=976, stack(0x0000002da5b00000,0x0000002da6000000)]
  0x00000163b81b2000 JavaThread "Java2D Disposer" daemon [_thread_blocked, id=1404, stack(0x0000002da5600000,0x0000002da5b00000)]
  0x00000163b819a800 JavaThread "TimerQueue" daemon [_thread_blocked, id=15688, stack(0x0000002da5100000,0x0000002da5600000)]
  0x00000163b6721800 JavaThread "Service Thread" daemon [_thread_blocked, id=17796, stack(0x0000002da4b00000,0x0000002da5000000)]
  0x00000163b6718800 JavaThread "C1 CompilerThread2" daemon [_thread_blocked, id=9136, stack(0x0000002da4a00000,0x0000002da4b00000)]
  0x00000163b6712800 JavaThread "C2 CompilerThread1" daemon [_thread_blocked, id=15192, stack(0x0000002da4900000,0x0000002da4a00000)]
  0x00000163b6711000 JavaThread "C2 CompilerThread0" daemon [_thread_blocked, id=7840, stack(0x0000002da4800000,0x0000002da4900000)]
  0x00000163b670f800 JavaThread "Attach Listener" daemon [_thread_blocked, id=18408, stack(0x0000002da4300000,0x0000002da4800000)]
  0x00000163b670e000 JavaThread "Signal Dispatcher" daemon [_thread_blocked, id=12728, stack(0x0000002da3e00000,0x0000002da4300000)]
  0x00000163b66f4800 JavaThread "Finalizer" daemon [_thread_blocked, id=9564, stack(0x0000002da3900000,0x0000002da3e00000)]
  0x000001639f635000 JavaThread "Reference Handler" daemon [_thread_blocked, id=13172, stack(0x0000002da3400000,0x0000002da3900000)]
  0x000001639f544800 JavaThread "main" [_thread_blocked, id=10688, stack(0x0000002da2e00000,0x0000002da2f00000)]

Other Threads:
  0x00000163b66d0000 VMThread [stack: 0x0000002da3300000,0x0000002da3400000] [id=16236]
  0x00000163b673f000 WatcherThread [stack: 0x0000002da5000000,0x0000002da5100000] [id=8128]

VM state:not at safepoint (normal execution)

VM Mutex/Monitor currently owned by a thread: None

Heap:
 PSYoungGen      total 50176K, used 34168K [0x00000007bc400000, 0x00000007c0000000, 0x00000007c0000000)
  eden space 38400K, 78% used [0x00000007bc400000,0x00000007be14e128,0x00000007be980000)
  from space 11776K, 35% used [0x00000007bf480000,0x00000007bf890000,0x00000007c0000000)
  to   space 11264K, 0% used [0x00000007be980000,0x00000007be980000,0x00000007bf480000)
 ParOldGen       total 314368K, used 173910K [0x0000000700000000, 0x0000000713300000, 0x00000007bc400000)
  object space 314368K, 55% used [0x0000000700000000,0x000000070a9d5a28,0x0000000713300000)
 Metaspace       used 90915K, capacity 91923K, committed 92672K, reserved 1128448K
  class space    used 13307K, capacity 13498K, committed 13568K, reserved 1048576K

Card table byte_map: [0x00000163aea00000,0x00000163af010000] byte_map_base: 0x00000163ab200000

Marking Bits: (ParMarkBitMap*) 0x0000000066e6a6d0
 Begin Bits: [0x00000163af600000, 0x00000163b2600000)
 End Bits:   [0x00000163b2600000, 0x00000163b5600000)

Polling page: 0x0000016396430000

CodeCache: size=245760Kb used=80570Kb max_used=80598Kb free=165189Kb
 bounds [0x000001639f640000, 0x00000163a45a0000, 0x00000163ae640000]
 total_blobs=21086 nmethods=20004 adapters=985
 compilation: enabled

Compilation events (10 events):
Event: 3663.776 Thread 0x00000163b6718800 27561       3       ui.frmwork.w::c (5 bytes)
Event: 3663.777 Thread 0x00000163b6718800 nmethod 27561 0x00000163a27e7d10 code [0x00000163a27e7ec0, 0x00000163a27e8500]
Event: 3663.901 Thread 0x00000163b6718800 27562       3       java.awt.AWTEventMulticaster::windowGainedFocus (27 bytes)
Event: 3663.902 Thread 0x00000163b6718800 nmethod 27562 0x00000163a27eda90 code [0x00000163a27edc20, 0x00000163a27ee140]
Event: 3665.728 Thread 0x00000163b6712800 27563       4       javax.swing.DefaultListSelectionModel::setValueIsAdjusting (19 bytes)
Event: 3665.728 Thread 0x00000163b6718800 27564       3       ui.views.R.hk::eUu (115 bytes)
Event: 3665.730 Thread 0x00000163b6712800 nmethod 27563 0x00000163a1aba210 code [0x00000163a1aba360, 0x00000163a1aba428]
Event: 3665.730 Thread 0x00000163b6718800 nmethod 27564 0x00000163a111c2d0 code [0x00000163a111c5c0, 0x00000163a111e030]
Event: 3665.738 Thread 0x00000163b6711000 27565       4       sun.util.locale.BaseLocale::getInstance (75 bytes)
Event: 3665.746 Thread 0x00000163b6711000 nmethod 27565 0x00000163a09f17d0 code [0x00000163a09f1960, 0x00000163a09f1e18]

GC Heap History (10 events):
Event: 3655.795 GC heap before
{Heap before GC invocations=601 (full 21):
 PSYoungGen      total 47616K, used 37888K [0x00000007bc400000, 0x00000007c0000000, 0x00000007c0000000)
  eden space 33792K, 100% used [0x00000007bc400000,0x00000007be500000,0x00000007be500000)
  from space 13824K, 29% used [0x00000007be500000,0x00000007be900000,0x00000007bf280000)
  to   space 13312K, 0% used [0x00000007bf300000,0x00000007bf300000,0x00000007c0000000)
 ParOldGen       total 314368K, used 173910K [0x0000000700000000, 0x0000000713300000, 0x00000007bc400000)
  object space 314368K, 55% used [0x0000000700000000,0x000000070a9d5a28,0x0000000713300000)
 Metaspace       used 90903K, capacity 91923K, committed 92672K, reserved 1128448K
  class space    used 13307K, capacity 13498K, committed 13568K, reserved 1048576K
Event: 3655.803 GC heap after
Heap after GC invocations=601 (full 21):
 PSYoungGen      total 48640K, used 3936K [0x00000007bc400000, 0x00000007c0000000, 0x00000007c0000000)
  eden space 35328K, 0% used [0x00000007bc400000,0x00000007bc400000,0x00000007be680000)
  from space 13312K, 29% used [0x00000007bf300000,0x00000007bf6d8000,0x00000007c0000000)
  to   space 12800K, 0% used [0x00000007be680000,0x00000007be680000,0x00000007bf300000)
 ParOldGen       total 314368K, used 173910K [0x0000000700000000, 0x0000000713300000, 0x00000007bc400000)
  object space 314368K, 55% used [0x0000000700000000,0x000000070a9d5a28,0x0000000713300000)
 Metaspace       used 90903K, capacity 91923K, committed 92672K, reserved 1128448K
  class space    used 13307K, capacity 13498K, committed 13568K, reserved 1048576K
}
Event: 3656.169 GC heap before
{Heap before GC invocations=602 (full 21):
 PSYoungGen      total 48640K, used 39264K [0x00000007bc400000, 0x00000007c0000000, 0x00000007c0000000)
  eden space 35328K, 100% used [0x00000007bc400000,0x00000007be680000,0x00000007be680000)
  from space 13312K, 29% used [0x00000007bf300000,0x00000007bf6d8000,0x00000007c0000000)
  to   space 12800K, 0% used [0x00000007be680000,0x00000007be680000,0x00000007bf300000)
 ParOldGen       total 314368K, used 173910K [0x0000000700000000, 0x0000000713300000, 0x00000007bc400000)
  object space 314368K, 55% used [0x0000000700000000,0x000000070a9d5a28,0x0000000713300000)
 Metaspace       used 90909K, capacity 91923K, committed 92672K, reserved 1128448K
  class space    used 13307K, capacity 13498K, committed 13568K, reserved 1048576K
Event: 3656.176 GC heap after
Heap after GC invocations=602 (full 21):
 PSYoungGen      total 48128K, used 4160K [0x00000007bc400000, 0x00000007c0000000, 0x00000007c0000000)
  eden space 35328K, 0% used [0x00000007bc400000,0x00000007bc400000,0x00000007be680000)
  from space 12800K, 32% used [0x00000007be680000,0x00000007bea90000,0x00000007bf300000)
  to   space 12288K, 0% used [0x00000007bf400000,0x00000007bf400000,0x00000007c0000000)
 ParOldGen       total 314368K, used 173910K [0x0000000700000000, 0x0000000713300000, 0x00000007bc400000)
  object space 314368K, 55% used [0x0000000700000000,0x000000070a9d5a28,0x0000000713300000)
 Metaspace       used 90909K, capacity 91923K, committed 92672K, reserved 1128448K
  class space    used 13307K, capacity 13498K, committed 13568K, reserved 1048576K
}
Event: 3661.798 GC heap before
{Heap before GC invocations=603 (full 21):
 PSYoungGen      total 48128K, used 39488K [0x00000007bc400000, 0x00000007c0000000, 0x00000007c0000000)
  eden space 35328K, 100% used [0x00000007bc400000,0x00000007be680000,0x00000007be680000)
  from space 12800K, 32% used [0x00000007be680000,0x00000007bea90000,0x00000007bf300000)
  to   space 12288K, 0% used [0x00000007bf400000,0x00000007bf400000,0x00000007c0000000)
 ParOldGen       total 314368K, used 173910K [0x0000000700000000, 0x0000000713300000, 0x00000007bc400000)
  object space 314368K, 55% used [0x0000000700000000,0x000000070a9d5a28,0x0000000713300000)
 Metaspace       used 90909K, capacity 91923K, committed 92672K, reserved 1128448K
  class space    used 13307K, capacity 13498K, committed 13568K, reserved 1048576K
Event: 3661.806 GC heap after
Heap after GC invocations=603 (full 21):
 PSYoungGen      total 49664K, used 4416K [0x00000007bc400000, 0x00000007c0000000, 0x00000007c0000000)
  eden space 37376K, 0% used [0x00000007bc400000,0x00000007bc400000,0x00000007be880000)
  from space 12288K, 35% used [0x00000007bf400000,0x00000007bf850000,0x00000007c0000000)
  to   space 11776K, 0% used [0x00000007be880000,0x00000007be880000,0x00000007bf400000)
 ParOldGen       total 314368K, used 173910K [0x0000000700000000, 0x0000000713300000, 0x00000007bc400000)
  object space 314368K, 55% used [0x0000000700000000,0x000000070a9d5a28,0x0000000713300000)
 Metaspace       used 90909K, capacity 91923K, committed 92672K, reserved 1128448K
  class space    used 13307K, capacity 13498K, committed 13568K, reserved 1048576K
}
Event: 3663.135 GC heap before
{Heap before GC invocations=604 (full 21):
 PSYoungGen      total 49664K, used 41792K [0x00000007bc400000, 0x00000007c0000000, 0x00000007c0000000)
  eden space 37376K, 100% used [0x00000007bc400000,0x00000007be880000,0x00000007be880000)
  from space 12288K, 35% used [0x00000007bf400000,0x00000007bf850000,0x00000007c0000000)
  to   space 11776K, 0% used [0x00000007be880000,0x00000007be880000,0x00000007bf400000)
 ParOldGen       total 314368K, used 173910K [0x0000000700000000, 0x0000000713300000, 0x00000007bc400000)
  object space 314368K, 55% used [0x0000000700000000,0x000000070a9d5a28,0x0000000713300000)
 Metaspace       used 90910K, capacity 91923K, committed 92672K, reserved 1128448K
  class space    used 13307K, capacity 13498K, committed 13568K, reserved 1048576K
Event: 3663.142 GC heap after
Heap after GC invocations=604 (full 21):
 PSYoungGen      total 49152K, used 4128K [0x00000007bc400000, 0x00000007c0000000, 0x00000007c0000000)
  eden space 37376K, 0% used [0x00000007bc400000,0x00000007bc400000,0x00000007be880000)
  from space 11776K, 35% used [0x00000007be880000,0x00000007bec88000,0x00000007bf400000)
  to   space 11776K, 0% used [0x00000007bf480000,0x00000007bf480000,0x00000007c0000000)
 ParOldGen       total 314368K, used 173910K [0x0000000700000000, 0x0000000713300000, 0x00000007bc400000)
  object space 314368K, 55% used [0x0000000700000000,0x000000070a9d5a28,0x0000000713300000)
 Metaspace       used 90910K, capacity 91923K, committed 92672K, reserved 1128448K
  class space    used 13307K, capacity 13498K, committed 13568K, reserved 1048576K
}
Event: 3664.600 GC heap before
{Heap before GC invocations=605 (full 21):
 PSYoungGen      total 49152K, used 41504K [0x00000007bc400000, 0x00000007c0000000, 0x00000007c0000000)
  eden space 37376K, 100% used [0x00000007bc400000,0x00000007be880000,0x00000007be880000)
  from space 11776K, 35% used [0x00000007be880000,0x00000007bec88000,0x00000007bf400000)
  to   space 11776K, 0% used [0x00000007bf480000,0x00000007bf480000,0x00000007c0000000)
 ParOldGen       total 314368K, used 173910K [0x0000000700000000, 0x0000000713300000, 0x00000007bc400000)
  object space 314368K, 55% used [0x0000000700000000,0x000000070a9d5a28,0x0000000713300000)
 Metaspace       used 90914K, capacity 91923K, committed 92672K, reserved 1128448K
  class space    used 13307K, capacity 13498K, committed 13568K, reserved 1048576K
Event: 3664.608 GC heap after
Heap after GC invocations=605 (full 21):
 PSYoungGen      total 50176K, used 4160K [0x00000007bc400000, 0x00000007c0000000, 0x00000007c0000000)
  eden space 38400K, 0% used [0x00000007bc400000,0x00000007bc400000,0x00000007be980000)
  from space 11776K, 35% used [0x00000007bf480000,0x00000007bf890000,0x00000007c0000000)
  to   space 11264K, 0% used [0x00000007be980000,0x00000007be980000,0x00000007bf480000)
 ParOldGen       total 314368K, used 173910K [0x0000000700000000, 0x0000000713300000, 0x00000007bc400000)
  object space 314368K, 55% used [0x0000000700000000,0x000000070a9d5a28,0x0000000713300000)
 Metaspace       used 90914K, capacity 91923K, committed 92672K, reserved 1128448K
  class space    used 13307K, capacity 13498K, committed 13568K, reserved 1048576K
}

Deoptimization events (10 events):
Event: 3603.348 Thread 0x00000163b8355000 Uncommon trap: reason=unstable_if action=reinterpret pc=0x00000163a26afdf8 method=sun.java2d.pipe.DrawImage.scaleImage(Lsun/java2d/SunGraphics2D;Ljava/awt/Image;IIIIIIIILjava/awt/Color;)Z @ 85
Event: 3610.728 Thread 0x00000163bc10e000 Uncommon trap: reason=array_check action=maybe_recompile pc=0x00000163a0a72fc4 method=java.util.LinkedList.toArray([Ljava/lang/Object;)[Ljava/lang/Object; @ 55
Event: 3611.000 Thread 0x00000163b8355000 Uncommon trap: reason=array_check action=maybe_recompile pc=0x00000163a0a72fc4 method=java.util.LinkedList.toArray([Ljava/lang/Object;)[Ljava/lang/Object; @ 55
Event: 3611.000 Thread 0x00000163b8355000 Uncommon trap: reason=array_check action=maybe_recompile pc=0x00000163a0a72fc4 method=java.util.LinkedList.toArray([Ljava/lang/Object;)[Ljava/lang/Object; @ 55
Event: 3611.000 Thread 0x00000163b8355000 Uncommon trap: reason=array_check action=maybe_recompile pc=0x00000163a0a72fc4 method=java.util.LinkedList.toArray([Ljava/lang/Object;)[Ljava/lang/Object; @ 55
Event: 3616.061 Thread 0x00000163b8355000 Uncommon trap: reason=unstable_if action=reinterpret pc=0x000001639f784db8 method=com.jidesoft.editor.CodeEditor.modelPositionToOffset(Lcom/jidesoft/editor/caret/CaretPosition;)I @ 126
Event: 3621.817 Thread 0x00000163b8355000 Uncommon trap: reason=bimorphic action=maybe_recompile pc=0x000001639fa93b2c method=com.jidesoft.list.DefaultListModelWrapper.reallocateIndexes()V @ 8
Event: 3635.423 Thread 0x00000163b8355000 Uncommon trap: reason=bimorphic action=maybe_recompile pc=0x00000163a19d0b80 method=javax.swing.text.html.parser.DocumentParser.parse(Ljava/io/Reader;Ljavax/swing/text/html/HTMLEditorKit$ParserCallback;Z)V @ 20
Event: 3646.577 Thread 0x00000163b8355000 Uncommon trap: reason=bimorphic action=maybe_recompile pc=0x000001639fbb8d34 method=javax.swing.undo.UndoManager.addEdit(Ljavax/swing/undo/UndoableEdit;)Z @ 44
Event: 3646.577 Thread 0x00000163b8355000 Uncommon trap: reason=bimorphic action=maybe_recompile pc=0x00000163a010c680 method=javax.swing.undo.UndoManager.canUndo()Z @ 17

Internal exceptions (10 events):
Event: 3649.971 Thread 0x00000163b8355000 Exception <a 'ui/frmwork/CommandFailedException'> (0x00000007bc578960) thrown at [C:\re\workspace\8-2-build-windows-amd64-cygwin\jdk8u112\7884\hotspot\src\share\vm\prims\jni.cpp, line 709]
Event: 3649.971 Thread 0x00000163b8355000 Exception <a 'ui/frmwork/CommandFailedException'> (0x00000007bc57da10) thrown at [C:\re\workspace\8-2-build-windows-amd64-cygwin\jdk8u112\7884\hotspot\src\share\vm\prims\jni.cpp, line 709]
Event: 3649.979 Thread 0x00000163b8355000 Exception <a 'ui/frmwork/CommandFailedException'> (0x00000007bc580580) thrown at [C:\re\workspace\8-2-build-windows-amd64-cygwin\jdk8u112\7884\hotspot\src\share\vm\prims\jni.cpp, line 709]
Event: 3649.979 Thread 0x00000163b8355000 Exception <a 'ui/frmwork/CommandFailedException'> (0x00000007bc5bb358) thrown at [C:\re\workspace\8-2-build-windows-amd64-cygwin\jdk8u112\7884\hotspot\src\share\vm\prims\jni.cpp, line 709]
Event: 3649.985 Thread 0x00000163b8355000 Exception <a 'ui/frmwork/CommandFailedException'> (0x00000007bc5bdfa0) thrown at [C:\re\workspace\8-2-build-windows-amd64-cygwin\jdk8u112\7884\hotspot\src\share\vm\prims\jni.cpp, line 709]
Event: 3649.993 Thread 0x00000163b8355000 Exception <a 'ui/frmwork/CommandFailedException'> (0x00000007bc5d0ad0) thrown at [C:\re\workspace\8-2-build-windows-amd64-cygwin\jdk8u112\7884\hotspot\src\share\vm\prims\jni.cpp, line 709]
Event: 3650.100 Thread 0x00000163b8355000 Exception <a 'ui/frmwork/CommandFailedException'> (0x00000007bc64fc70) thrown at [C:\re\workspace\8-2-build-windows-amd64-cygwin\jdk8u112\7884\hotspot\src\share\vm\prims\jni.cpp, line 709]
Event: 3650.101 Thread 0x00000163b8355000 Exception <a 'ui/frmwork/CommandFailedException'> (0x00000007bc654dc0) thrown at [C:\re\workspace\8-2-build-windows-amd64-cygwin\jdk8u112\7884\hotspot\src\share\vm\prims\jni.cpp, line 709]
Event: 3656.073 Thread 0x00000163bc0ff000 Exception <a 'ui/frmwork/CommandFailedException'> (0x00000007bcfeb488) thrown at [C:\re\workspace\8-2-build-windows-amd64-cygwin\jdk8u112\7884\hotspot\src\share\vm\prims\jni.cpp, line 709]
Event: 3663.763 Thread 0x00000163bc0ff000 Exception <a 'ui/frmwork/CommandFailedException'> (0x00000007bc6caee8) thrown at [C:\re\workspace\8-2-build-windows-amd64-cygwin\jdk8u112\7884\hotspot\src\share\vm\prims\jni.cpp, line 709]

Events (10 events):
Event: 3663.766 Executing VM operation: RevokeBias
Event: 3663.766 Executing VM operation: RevokeBias done
Event: 3663.775 Executing VM operation: RevokeBias
Event: 3663.775 Executing VM operation: RevokeBias done
Event: 3664.600 Executing VM operation: ParallelGCFailedAllocation
Event: 3664.608 Executing VM operation: ParallelGCFailedAllocation done
Event: 3665.048 Thread 0x00000163bc0ff000 Thread added: 0x00000163bc0ff000
Event: 3665.054 Executing VM operation: RevokeBias
Event: 3665.054 Executing VM operation: RevokeBias done
Event: 3665.054 Thread 0x00000163bc0ff000 Thread exited: 0x00000163bc0ff000


Dynamic libraries:
0x00007ff7fd7d0000 - 0x00007ff7fd800000 	C:\Xilinx\Vivado\2018.2\bin\unwrapped\win64.o\vivado.exe
0x00007ffd3af50000 - 0x00007ffd3b131000 	C:\WINDOWS\SYSTEM32\ntdll.dll
0x00007ffd3a880000 - 0x00007ffd3a932000 	C:\WINDOWS\System32\KERNEL32.DLL
0x00007ffd37320000 - 0x00007ffd37593000 	C:\WINDOWS\System32\KERNELBASE.dll
0x00007ffd37dd0000 - 0x00007ffd37eca000 	C:\WINDOWS\System32\ucrtbase.dll
0x00007ffd18840000 - 0x00007ffd188e7000 	C:\WINDOWS\SYSTEM32\MSVCP140.dll
0x00007ffd325f0000 - 0x00007ffd32604000 	C:\Xilinx\Vivado\2018.2\lib\win64.o\librdi_commonmain.dll
0x00007ffd325b0000 - 0x00007ffd325c4000 	C:\Xilinx\Vivado\2018.2\lib\win64.o\libboost_signals.dll
0x00007ffd188f0000 - 0x00007ffd18906000 	C:\WINDOWS\SYSTEM32\VCRUNTIME140.dll
0x00007ffd2d6a0000 - 0x00007ffd2d6c6000 	C:\Xilinx\Vivado\2018.2\lib\win64.o\libboost_filesystem.dll
0x00007ffd3a9e0000 - 0x00007ffd3aa81000 	C:\WINDOWS\System32\ADVAPI32.dll
0x00007ffcf8360000 - 0x00007ffcf9179000 	C:\Xilinx\Vivado\2018.2\lib\win64.o\librdi_common.dll
0x00007ffd3aac0000 - 0x00007ffd3ab5e000 	C:\WINDOWS\System32\msvcrt.dll
0x00007ffd340a0000 - 0x00007ffd340aa000 	C:\Xilinx\Vivado\2018.2\lib\win64.o\librdi_commonversion.dll
0x00007ffd38d10000 - 0x00007ffd38d6b000 	C:\WINDOWS\System32\sechost.dll
0x00007ffd3adf0000 - 0x00007ffd3af14000 	C:\WINDOWS\System32\RPCRT4.dll
0x00007ffd38940000 - 0x00007ffd38ad0000 	C:\WINDOWS\System32\USER32.dll
0x00007ffd38180000 - 0x00007ffd381a0000 	C:\WINDOWS\System32\win32u.dll
0x00007ffd3aa90000 - 0x00007ffd3aab8000 	C:\WINDOWS\System32\GDI32.dll
0x00007ffd37fe0000 - 0x00007ffd38172000 	C:\WINDOWS\System32\gdi32full.dll
0x00007ffd02810000 - 0x00007ffd02931000 	C:\Xilinx\Vivado\2018.2\lib\win64.o\librdi_commonxillic.dll
0x00007ffd37cb0000 - 0x00007ffd37d4f000 	C:\WINDOWS\System32\msvcp_win.dll
0x0000000069280000 - 0x00000000693ab000 	C:\Xilinx\Vivado\2018.2\lib\win64.o\tcl85t.dll
0x00007ffd38d70000 - 0x00007ffd3a1af000 	C:\WINDOWS\System32\SHELL32.dll
0x00007ffd3a970000 - 0x00007ffd3a9dc000 	C:\WINDOWS\System32\WS2_32.dll
0x00007ffd38390000 - 0x00007ffd383d9000 	C:\WINDOWS\System32\cfgmgr32.dll
0x00007ffd3a1b0000 - 0x00007ffd3a259000 	C:\WINDOWS\System32\shcore.dll
0x00007ffcfa820000 - 0x00007ffcfab8e000 	C:\Xilinx\Vivado\2018.2\lib\win64.o\libCOIN-all.dll
0x00007ffd3a260000 - 0x00007ffd3a582000 	C:\WINDOWS\System32\combase.dll
0x00007ffd33010000 - 0x00007ffd3301b000 	C:\Xilinx\Vivado\2018.2\lib\win64.o\libboost_system.dll
0x00007ffd37d50000 - 0x00007ffd37dca000 	C:\WINDOWS\System32\bcryptPrimitives.dll
0x00007ffd375a0000 - 0x00007ffd37cad000 	C:\WINDOWS\System32\windows.storage.dll
0x00007ffcfa1d0000 - 0x00007ffcfa485000 	C:\Xilinx\Vivado\2018.2\lib\win64.o\libXil_lmgr11.dll
0x00007ffd2d680000 - 0x00007ffd2d694000 	C:\Xilinx\Vivado\2018.2\lib\win64.o\libboost_date_time.dll
0x00007ffd3ab60000 - 0x00007ffd3ac4d000 	C:\WINDOWS\System32\COMDLG32.dll
0x00007ffd38ad0000 - 0x00007ffd38b21000 	C:\WINDOWS\System32\shlwapi.dll
0x00007ffd14730000 - 0x00007ffd147af000 	C:\Xilinx\Vivado\2018.2\lib\win64.o\libboost_program_options.dll
0x00007ffd372e0000 - 0x00007ffd372f1000 	C:\WINDOWS\System32\kernel.appcore.dll
0x00007ffd38b60000 - 0x00007ffd38c22000 	C:\WINDOWS\System32\OLEAUT32.dll
0x00007ffd37270000 - 0x00007ffd3728f000 	C:\WINDOWS\System32\profapi.dll
0x00007ffd3a5a0000 - 0x00007ffd3a6f1000 	C:\WINDOWS\System32\ole32.dll
0x00007ffd37290000 - 0x00007ffd372dc000 	C:\WINDOWS\System32\powrprof.dll
0x00007ffd026f0000 - 0x00007ffd02804000 	C:\Xilinx\Vivado\2018.2\lib\win64.o\libboost_regex.dll
0x00007ffd37260000 - 0x00007ffd3726a000 	C:\WINDOWS\System32\FLTLIB.DLL
0x00007ffd37ed0000 - 0x00007ffd37f27000 	C:\WINDOWS\System32\WINTRUST.dll
0x00007ffd37300000 - 0x00007ffd37312000 	C:\WINDOWS\System32\MSASN1.dll
0x00007ffd381a0000 - 0x00007ffd38382000 	C:\WINDOWS\System32\CRYPT32.dll
0x00007ffd2d630000 - 0x00007ffd2d651000 	C:\Xilinx\Vivado\2018.2\lib\win64.o\libboost_thread.dll
0x00007ffd325a0000 - 0x00007ffd325af000 	C:\Xilinx\Vivado\2018.2\lib\win64.o\libboost_xilinx.dll
0x00007ffd13950000 - 0x00007ffd139d2000 	C:\Xilinx\Vivado\2018.2\lib\win64.o\libhdlpsolve.dll
0x00007ffd12c60000 - 0x00007ffd12d05000 	C:\Xilinx\Vivado\2018.2\lib\win64.o\libhdxml.dll
0x00007ffd2d5c0000 - 0x00007ffd2d5ee000 	C:\Xilinx\Vivado\2018.2\lib\win64.o\libisl_sysinfo.dll
0x00007ffcf7aa0000 - 0x00007ffcf8353c00 	C:\Xilinx\Vivado\2018.2\lib\win64.o\libisl_iostreams.dll
0x0000000066650000 - 0x0000000066eea000 	C:\Xilinx\Vivado\2018.2\tps\win64\jre\bin\server\jvm.dll
0x00007ffd138e0000 - 0x00007ffd13945000 	C:\Xilinx\Vivado\2018.2\lib\win64.o\liblmx6.0.dll
0x00007ffd2d5a0000 - 0x00007ffd2d5ba000 	C:\Xilinx\Vivado\2018.2\lib\win64.o\pthreadVC2.dll
0x00007ffd2d560000 - 0x00007ffd2d57c000 	C:\Xilinx\Vivado\2018.2\lib\win64.o\librdiconfig.dll
0x00007ffd01c30000 - 0x00007ffd01d81000 	C:\Xilinx\Vivado\2018.2\lib\win64.o\librdi_curl.dll
0x00007ffd2d530000 - 0x00007ffd2d551000 	C:\Xilinx\Vivado\2018.2\lib\win64.o\librdizlib.dll
0x00007ffd388d0000 - 0x00007ffd388d8000 	C:\WINDOWS\System32\PSAPI.DLL
0x0000000012000000 - 0x0000000012272000 	C:\Xilinx\Vivado\2018.2\lib\win64.o\xerces-c_3_1.dll
0x00007ffd26030000 - 0x00007ffd2649f000 	C:\WINDOWS\SYSTEM32\WININET.dll
0x00007ffd2c760000 - 0x00007ffd2c83c000 	C:\WINDOWS\SYSTEM32\WINHTTP.dll
0x00007ffd28ef0000 - 0x00007ffd290b8000 	C:\WINDOWS\SYSTEM32\urlmon.dll
0x00007ffd21800000 - 0x00007ffd21817000 	C:\WINDOWS\SYSTEM32\NETAPI32.dll
0x00007ffd2b810000 - 0x00007ffd2b8b7000 	C:\WINDOWS\WinSxS\amd64_microsoft.windows.common-controls_6595b64144ccf1df_5.82.17134.407_none_f94e16e330999300\COMCTL32.dll
0x00007ffd216b0000 - 0x00007ffd216b9000 	C:\WINDOWS\SYSTEM32\WSOCK32.dll
0x00007ffd31b70000 - 0x00007ffd31b8a000 	C:\WINDOWS\SYSTEM32\dhcpcsvc.DLL
0x00007ffd3a590000 - 0x00007ffd3a598000 	C:\WINDOWS\System32\NSI.dll
0x00007ffd2d4c0000 - 0x00007ffd2d4ee000 	C:\WINDOWS\SYSTEM32\VCOMP140.DLL
0x00007ffcf5cb0000 - 0x00007ffcf6b41000 	C:\Xilinx\Vivado\2018.2\lib\win64.o\gurobi65.dll
0x00007ffd320a0000 - 0x00007ffd320ad000 	C:\Xilinx\Vivado\2018.2\lib\win64.o\libboost_chrono.dll
0x00007ffd32fb0000 - 0x00007ffd32fd3000 	C:\WINDOWS\SYSTEM32\WINMM.dll
0x00007ffd31d80000 - 0x00007ffd31d8a000 	C:\WINDOWS\SYSTEM32\VERSION.dll
0x00007ffd2d480000 - 0x00007ffd2d49b000 	C:\Xilinx\Vivado\2018.2\lib\win64.o\libboost_iostreams.dll
0x00007ffd2d450000 - 0x00007ffd2d475000 	C:\Xilinx\Vivado\2018.2\lib\win64.o\libisl_iosutils.dll
0x0000000069b40000 - 0x0000000069c12000 	C:\WINDOWS\SYSTEM32\MSVCR100.dll
0x00007ffd28b30000 - 0x00007ffd28dd5000 	C:\WINDOWS\SYSTEM32\iertutil.dll
0x00007ffd32f80000 - 0x00007ffd32faa000 	C:\WINDOWS\SYSTEM32\winmmbase.dll
0x00007ffd36cb0000 - 0x00007ffd36cbb000 	C:\WINDOWS\SYSTEM32\CRYPTBASE.DLL
0x00007ffd3a940000 - 0x00007ffd3a96d000 	C:\WINDOWS\System32\IMM32.DLL
0x00007ffcf7610000 - 0x00007ffcf7a9c000 	C:\Xilinx\Vivado\2018.2\lib\win64.o\librdi_commontasks.dll
0x00007ffcf9c30000 - 0x00007ffcf9ea7000 	C:\Xilinx\Vivado\2018.2\lib\win64.o\librdi_sio.dll
0x00007ffd36860000 - 0x00007ffd36898000 	C:\WINDOWS\SYSTEM32\IPHLPAPI.DLL
0x00007ffcf2710000 - 0x00007ffcf490f000 	C:\Xilinx\Vivado\2018.2\lib\win64.o\librdi_tcltasks.dll
0x00007ffd12b90000 - 0x00007ffd12bfa000 	C:\Xilinx\Vivado\2018.2\lib\win64.o\librdi_boarddep.dll
0x00007ffcffe40000 - 0x00007ffcfffbe000 	C:\Xilinx\Vivado\2018.2\lib\win64.o\librdi_board.dll
0x00007ffcf58d0000 - 0x00007ffcf5ca5000 	C:\Xilinx\Vivado\2018.2\lib\win64.o\librdi_bitstream.dll
0x00007ffcf9f80000 - 0x00007ffcfa1c7000 	C:\Xilinx\Vivado\2018.2\lib\win64.o\librdi_chipscope.dll
0x00007ffcf0eb0000 - 0x00007ffcf2709000 	C:\Xilinx\Vivado\2018.2\lib\win64.o\librdi_constraints.dll
0x00007ffd02010000 - 0x00007ffd02138000 	C:\Xilinx\Vivado\2018.2\lib\win64.o\librdi_containers.dll
0x00007ffcebec0000 - 0x00007ffcedbd1000 	C:\Xilinx\Vivado\2018.2\lib\win64.o\librdi_coregen.dll
0x00007ffcf51f0000 - 0x00007ffcf58c9000 	C:\Xilinx\Vivado\2018.2\lib\win64.o\librdi_coregenipxact.dll
0x00007ffccf2c0000 - 0x00007ffcd3022000 	C:\Xilinx\Vivado\2018.2\lib\win64.o\librdi_designutils.dll
0x00007ffcf4ed0000 - 0x00007ffcf51e8000 	C:\Xilinx\Vivado\2018.2\lib\win64.o\librdi_dlyest.dll
0x00007ffd12a70000 - 0x00007ffd12b32000 	C:\Xilinx\Vivado\2018.2\lib\win64.o\librdi_dsp.dll
0x00007ffcf0040000 - 0x00007ffcf0311000 	C:\Xilinx\Vivado\2018.2\lib\win64.o\librdi_guitools.dll
0x00007ffcf0320000 - 0x00007ffcf0951000 	C:\Xilinx\Vivado\2018.2\lib\win64.o\librdi_filemgmt.dll
0x00007ffcf0960000 - 0x00007ffcf0ea1000 	C:\Xilinx\Vivado\2018.2\lib\win64.o\librdi_drc.dll
0x00007ffd2d010000 - 0x00007ffd2d068000 	C:\Xilinx\Vivado\2018.2\lib\win64.o\librdi_hdf.dll
0x00007ffcd7280000 - 0x00007ffcd84b4000 	C:\Xilinx\Vivado\2018.2\lib\win64.o\librdi_implflow.dll
0x00007ffcc0ac0000 - 0x00007ffccf2b8000 	C:\Xilinx\Vivado\2018.2\lib\win64.o\librdi_device.dll
0x00007ffcef9e0000 - 0x00007ffcf0031000 	C:\Xilinx\Vivado\2018.2\lib\win64.o\librdi_memdata.dll
0x00007ffd2d3a0000 - 0x00007ffd2d3e9000 	C:\Xilinx\Vivado\2018.2\lib\win64.o\librdi_pfi.dll
0x00007ffcbd2b0000 - 0x00007ffcc0aba000 	C:\Xilinx\Vivado\2018.2\lib\win64.o\librdi_mig.dll
0x00007ffcf9340000 - 0x00007ffcf95ca000 	C:\Xilinx\Vivado\2018.2\lib\win64.o\librdi_platform.dll
0x00007ffceba10000 - 0x00007ffcebeb2000 	C:\Xilinx\Vivado\2018.2\lib\win64.o\librdi_netlist.dll
0x00007ffcbaf10000 - 0x00007ffcbd2ae000 	C:\Xilinx\Vivado\2018.2\lib\win64.o\librdi_place.dll
0x00007ffceb320000 - 0x00007ffceba0c000 	C:\Xilinx\Vivado\2018.2\lib\win64.o\librdi_power.dll
0x00007ffcd6650000 - 0x00007ffcd6d31000 	C:\Xilinx\Vivado\2018.2\lib\win64.o\librdi_psta.dll
0x00007ffcd6d40000 - 0x00007ffcd727d000 	C:\Xilinx\Vivado\2018.2\lib\win64.o\librdi_project.dll
0x00007ffd057a0000 - 0x00007ffd05877000 	C:\Xilinx\Vivado\2018.2\lib\win64.o\librdi_runsbase.dll
0x00007ffce4440000 - 0x00007ffce4803000 	C:\Xilinx\Vivado\2018.2\lib\win64.o\librdi_runs.dll
0x00007ffcd6010000 - 0x00007ffcd664e000 	C:\Xilinx\Vivado\2018.2\lib\win64.o\librdi_rsb.dll
0x00007ffce73e0000 - 0x00007ffce7606000 	C:\Xilinx\Vivado\2018.2\lib\win64.o\librdi_simdata.dll
0x00007ffd02620000 - 0x00007ffd026eb000 	C:\Xilinx\Vivado\2018.2\lib\win64.o\librdi_xhub.dll
0x00007ffcba1f0000 - 0x00007ffcbaf0d000 	C:\Xilinx\Vivado\2018.2\lib\win64.o\librdi_timing.dll
0x00007ffd2ce00000 - 0x00007ffd2ce4c000 	C:\Xilinx\Vivado\2018.2\lib\win64.o\libboost_serialization.dll
0x00007ffd122d0000 - 0x00007ffd1237f000 	C:\Xilinx\Vivado\2018.2\lib\win64.o\librdi_hip_devdesign.dll
0x00007ffd11980000 - 0x00007ffd119e6000 	C:\Xilinx\Vivado\2018.2\lib\win64.o\librdi_ipconfig_readwrite.dll
0x00007ffd21b90000 - 0x00007ffd21bc8000 	C:\Xilinx\Vivado\2018.2\lib\win64.o\librdi_noc_frameworks.dll
0x00007ffd02360000 - 0x00007ffd023fe000 	C:\Xilinx\Vivado\2018.2\lib\win64.o\libise.dll
0x00007ffcb96f0000 - 0x00007ffcba1e3000 	C:\Xilinx\Vivado\2018.2\lib\win64.o\libverific.dll
0x00007ffd024b0000 - 0x00007ffd02538000 	C:\Xilinx\Vivado\2018.2\lib\win64.o\librdi_hip_config.dll
0x00007ffcb91a0000 - 0x00007ffcb96ee000 	C:\Xilinx\Vivado\2018.2\lib\win64.o\librdi_xdm.dll
0x00007ffd155a0000 - 0x00007ffd155e9000 	C:\Xilinx\Vivado\2018.2\lib\win64.o\librdi_wavedata_SimpleApi.dll
0x00007ffcb8bf0000 - 0x00007ffcb9191000 	C:\Xilinx\Vivado\2018.2\lib\win64.o\librdi_wavedata.dll
0x00007ffce5240000 - 0x00007ffce5483000 	C:\Xilinx\Vivado\2018.2\lib\win64.o\librdi_hsm.dll

VM Arguments:
jvm_args: -Dsun.java2d.pmoffscreen=false -Dsun.java2d.xrender=false -Dsun.java2d.d3d=false -Dsun.awt.nopixfmt=true -Xverify:none -Dswing.aatext=true -XX:-UsePerfData -Djdk.map.althashing.threshold=512 -XX:StringTableSize=4072 -XX:NewSize=60m -XX:MaxNewSize=60m -Xms128m -Xmx3072m -Xss5m 
java_command: <unknown>
java_class_path (initial): C:/Xilinx/Vivado/2018.2\lib\classes\alloy.jar;C:/Xilinx/Vivado/2018.2\lib\classes\autopilot.scelaborator.jar;C:/Xilinx/Vivado/2018.2\lib\classes\autopilot.sourceprocessor.jar;C:/Xilinx/Vivado/2018.2\lib\classes\autopilot.tbprocessor.jar;C:/Xilinx/Vivado/2018.2\lib\classes\batik-anim.jar;C:/Xilinx/Vivado/2018.2\lib\classes\batik-awt-util.jar;C:/Xilinx/Vivado/2018.2\lib\classes\batik-bridge.jar;C:/Xilinx/Vivado/2018.2\lib\classes\batik-codec.jar;C:/Xilinx/Vivado/2018.2\lib\classes\batik-css.jar;C:/Xilinx/Vivado/2018.2\lib\classes\batik-dom.jar;C:/Xilinx/Vivado/2018.2\lib\classes\batik-ext.jar;C:/Xilinx/Vivado/2018.2\lib\classes\batik-gui-util.jar;C:/Xilinx/Vivado/2018.2\lib\classes\batik-gvt.jar;C:/Xilinx/Vivado/2018.2\lib\classes\batik-parser.jar;C:/Xilinx/Vivado/2018.2\lib\classes\batik-script.jar;C:/Xilinx/Vivado/2018.2\lib\classes\batik-svg-dom.jar;C:/Xilinx/Vivado/2018.2\lib\classes\batik-swing.jar;C:/Xilinx/Vivado/2018.2\lib\classes\batik-transcoder.jar;C:/Xilinx/Vivado/2018.2\lib\classes\batik-util.jar;C:/Xilinx/Vivado/2018.2\lib\classes\batik-xml.jar;C:/Xilinx/Vivado/2018.2\lib\classes\com.ibm.icu_4.4.2.v20110208.jar;C:/Xilinx/Vivado/2018.2\lib\classes\commons-collections4-4.1.jar;C:/Xilinx/Vivado/2018.2\lib\classes\commons-math-2.2.jar;C:/Xilinx/Vivado/2018.2\lib\classes\dom4j-1.6.1.jar;C:/Xilinx/Vivado/2018.2\lib\classes\guava-18.0.jar;C:/Xilinx/Vivado/2018.2\lib\classes\help.jar;C:/Xilinx/Vivado/2018.2\lib\classes\hsqldb.jar;C:/Xilinx/Vivado/2018.2\lib\classes\jargs.jar;C:/Xilinx/Vivado/2018.2\lib\classes\jh.jar;C:/Xilinx/Vivado/2018.2\lib\classes\jide-action.jar;C:/Xilinx/Vivado/2018.2\lib\classes\jide-charts.jar;C:/Xilinx/Vivado/2018.2\lib\classes\jide-common.jar;C:/Xilinx/Vivado/2018.2\lib\classes\jide-components.jar;C:/Xilinx/Vivado/2018.2\lib\classes\jide-dashboard.jar;C:/Xilinx/Vivado/2018.2\lib\classes\jide-data.jar;C:/Xilinx/Vivado/2018.2\lib\classes\jide-dialogs.jar;C:/Xilinx/Vivado/2018.2\lib\classes\jide-diff.jar;C:/X
Launcher Type: generic

Environment Variables:
PATH=C:/Xilinx/Vivado/2018.2/bin;C:/Xilinx/Vivado/2018.2/lib/win64.o;C:/Xilinx/Vivado/2018.2/tps/win64/jre/bin/server;C:/Xilinx/Vivado/2018.2/tps/win64/jre/bin;C:/Xilinx/SDK/2018.2/bin;C:/Xilinx/Vivado/2018.2/ids_lite/ISE/bin/nt64;C:/Xilinx/Vivado/2018.2/ids_lite/ISE/lib/nt64;C:\Program Files (x86)\Common Files\Oracle\Java\javapath;C:\Program Files (x86)\NVIDIA Corporation\PhysX\Common;C:\ProgramData\Oracle\Java\javapath;C:\WINDOWS\system32;C:\WINDOWS;C:\WINDOWS\System32\Wbem;C:\WINDOWS\System32\WindowsPowerShell\v1.0\;c:\Program Files (x86)\Microsoft SQL Server\110\Tools\Binn\;c:\Program Files\Microsoft SQL Server\110\Tools\Binn\;c:\Program Files\Microsoft SQL Server\110\DTS\Binn\;C:\TDM-GCC-64\bin;C:\Program Files\PuTTY\;C:\WINDOWS\System32\OpenSSH\;C:\Program Files (x86)\Windows Kits\8.1\Windows Performance Toolkit\;C:\Program Files\Git\cmd;C:\Program Files (x86)\GNU Tools ARM Embedded\6 2017-q2-update\bin;C:\Program Files (x86)\SEGGER\JLink_V634g;C:\Users\alois\eclipse\cpp-2018-092\eclipse;C:\Python27;C:\Python27\Scripts;C:\Program Files\TortoiseHg;C:\Users\alois\AppData\Local\Programs\Python\Python37\Scripts\;C:\Users\alois\AppData\Local\Programs\Python\Python37\;C:\Users\alois\AppData\Local\Microsoft\WindowsApps;C:\Users\alois\AppData\Local\atom\bin;C:\Users\alois\AppData\Local\Programs\Microsoft VS Code\bin;C:\Users\alois\eclipse\cpp-2018-09\eclipse\eclipse.exe;;C:/Xilinx/Vivado/2018.2\tps\mingw\6.2.0\win64.o\nt\bin;C:/Xilinx/Vivado/2018.2\tps\mingw\6.2.0\win64.o\nt\libexec\gcc\x86_64-w64-mingw32\6.2.0
USERNAME=alois
OS=Windows_NT
PROCESSOR_IDENTIFIER=Intel64 Family 6 Model 60 Stepping 3, GenuineIntel



---------------  S Y S T E M  ---------------

OS: Windows 10.0 , 64 bit Build 17134 (10.0.17134.1)

CPU:total 4 (2 cores per cpu, 2 threads per core) family 6 model 60 stepping 3, cmov, cx8, fxsr, mmx, sse, sse2, sse3, ssse3, sse4.1, sse4.2, popcnt, avx, avx2, aes, clmul, erms, lzcnt, ht, tsc, tscinvbit, bmi1, bmi2

Memory: 4k page, physical 12469408k(6417416k free), swap 14369952k(4163088k free)

vm_info: Java HotSpot(TM) 64-Bit Server VM (25.112-b15) for windows-amd64 JRE (1.8.0_112-b15), built on Sep 22 2016 21:31:56 by "java_re" with MS VC++ 10.0 (VS2010)

time: Thu Dec 06 18:03:49 2018
elapsed time: 3666 seconds (0d 1h 1m 6s)

