Copyright 1986-2018 Xilinx, Inc. All Rights Reserved.
------------------------------------------------------------------------------------
| Tool Version : Vivado v.2018.2 (win64) Build 2258646 Thu Jun 14 20:03:12 MDT 2018
| Date         : Thu Dec  6 18:04:56 2018
| Host         : POTATO-PC running 64-bit major release  (build 9200)
| Command      : upgrade_ip
| Device       : xc7z020clg484-1
------------------------------------------------------------------------------------

Upgrade Log for IP 'design_1_Bascule_0_0'

1. Summary
----------

CAUTION (success, with warnings) in the upgrade of design_1_Bascule_0_0 (xilinx.com:user:Bascule:1.0) from (Rev. 3) to (Rev. 4)

After upgrade, an IP may have parameter and port differences compared to the original customization. Please review the parameters within the IP customization GUI to ensure proper functionality. Also, please review the updated IP instantiation template to ensure proper connectivity, and update your design if required.

2. Connection Warnings
----------------------

Detected external port differences while upgrading 'design_1_Bascule_0_0'. These changes may impact your design.


-Upgrade has added port 'UPDOWN'







Copyright 1986-2018 Xilinx, Inc. All Rights Reserved.
------------------------------------------------------------------------------------
| Tool Version : Vivado v.2018.2 (win64) Build 2258646 Thu Jun 14 20:03:12 MDT 2018
| Date         : Thu Dec  6 18:00:51 2018
| Host         : POTATO-PC running 64-bit major release  (build 9200)
| Command      : upgrade_ip
| Device       : xc7z020clg484-1
------------------------------------------------------------------------------------

Upgrade Log for IP 'design_1_N_Divider_0_0'

1. Summary
----------

SUCCESS in the upgrade of design_1_N_Divider_0_0 (xilinx.com:user:N_Divider:1.0) from (Rev. 4) to (Rev. 5)






Copyright 1986-2018 Xilinx, Inc. All Rights Reserved.
------------------------------------------------------------------------------------
| Tool Version : Vivado v.2018.2 (win64) Build 2258646 Thu Jun 14 20:03:12 MDT 2018
| Date         : Thu Dec  6 17:58:08 2018
| Host         : POTATO-PC running 64-bit major release  (build 9200)
| Command      : upgrade_ip
| Device       : xc7z020clg484-1
------------------------------------------------------------------------------------

Upgrade Log for IP 'design_1_Bascule_0_0'

1. Summary
----------

SUCCESS in the upgrade of design_1_Bascule_0_0 (xilinx.com:user:Bascule:1.0) from (Rev. 2) to (Rev. 3)






Copyright 1986-2018 Xilinx, Inc. All Rights Reserved.
------------------------------------------------------------------------------------
| Tool Version : Vivado v.2018.2 (win64) Build 2258646 Thu Jun 14 20:03:12 MDT 2018
| Date         : Thu Dec  6 17:11:33 2018
| Host         : POTATO-PC running 64-bit major release  (build 9200)
| Command      : upgrade_ip
| Device       : xc7z020clg484-1
------------------------------------------------------------------------------------

Upgrade Log for IP 'design_1_N_Divider_0_0'

1. Summary
----------

SUCCESS in the upgrade of design_1_N_Divider_0_0 (xilinx.com:user:N_Divider:1.0) from (Rev. 3) to (Rev. 4)

