#-----------------------------------------------------------
# Vivado v2018.3 (64-bit)
# SW Build 2405991 on Thu Dec  6 23:38:27 MST 2018
# IP Build 2404404 on Fri Dec  7 01:43:56 MST 2018
# Start of session at: Thu Jan 31 15:26:48 2019
# Process ID: 13728
# Current directory: C:/Users/alois/OneDrive/Documents/Perso/M2_SE/VHDL/TP_05
# Command line: vivado.exe -gui_launcher_event rodinguilauncherevent14508 C:\Users\alois\OneDrive\Documents\Perso\M2_SE\VHDL\TP_05\TP_05.xpr
# Log file: C:/Users/alois/OneDrive/Documents/Perso/M2_SE/VHDL/TP_05/vivado.log
# Journal file: C:/Users/alois/OneDrive/Documents/Perso/M2_SE/VHDL/TP_05\vivado.jou
#-----------------------------------------------------------
start_gui
open_project C:/Users/alois/OneDrive/Documents/Perso/M2_SE/VHDL/TP_05/TP_05.xpr
Scanning sources...
Finished scanning sources
INFO: [IP_Flow 19-234] Refreshing IP repositories
INFO: [IP_Flow 19-1700] Loaded user IP repository 'c:/Users/alois/OneDrive/Documents/Perso/M2_SE/VHDL/IP_REPO'.
INFO: [IP_Flow 19-2313] Loaded Vivado IP repository 'C:/Xilinx/Vivado/2018.3/data/ip'.
WARNING: [BD 41-1661] One or more IPs have been locked in the design 'design_1.bd'. Please run report_ip_status for more details and recommendations on how to fix this issue.
List of locked IPs:
design_1_xlconstant_0_0

open_project: Time (s): cpu = 00:00:16 ; elapsed = 00:00:09 . Memory (MB): peak = 836.250 ; gain = 211.160
update_compile_order -fileset sources_1
open_bd_design {C:/Users/alois/OneDrive/Documents/Perso/M2_SE/VHDL/TP_05/TP_05.srcs/sources_1/bd/design_1/design_1.bd}
Adding cell -- xilinx.com:user:Dec3v8:1.0 - Dec3v8_0
Adding cell -- xilinx.com:ip:xlconstant:1.1 - xlconstant_0
Adding cell -- xilinx.com:user:N_Divider:1.0 - N_Divider_0
Adding cell -- xilinx.com:user:Bascule:1.0 - Bascule_0
Successfully read diagram <design_1> from BD file <C:/Users/alois/OneDrive/Documents/Perso/M2_SE/VHDL/TP_05/TP_05.srcs/sources_1/bd/design_1/design_1.bd>
open_bd_design: Time (s): cpu = 00:00:09 ; elapsed = 00:00:08 . Memory (MB): peak = 1081.629 ; gain = 100.457
exit
INFO: [Common 17-206] Exiting Vivado at Thu Jan 31 15:29:37 2019...
